This file contains any messages produced by compilers while
running configure, to aid debugging if configure makes a mistake.

It was created by GNU Awk configure 3.1.8, which was
generated by GNU Autoconf 2.65.  Invocation command line was

  $ ./configure --prefix=/usr --host=i686-pc-linux-gnu --disable-largefile --disable-largefile --disable-rpath --disable-nls --disable-lint --program-suffix=.static

## --------- ##
## Platform. ##
## --------- ##

hostname = bastion.gitbrew.org
uname -m = x86_64
uname -r = 2.6.32-5-amd64
uname -s = Linux
uname -v = #1 SMP Mon Jan 16 16:22:28 UTC 2012

/usr/bin/uname -p = unknown
/bin/uname -X     = unknown

/bin/arch              = unknown
/usr/bin/arch -k       = unknown
/usr/convex/getsysinfo = unknown
/usr/bin/hostinfo      = unknown
/bin/machine           = unknown
/usr/bin/oslevel       = unknown
/bin/universe          = unknown

PATH: /home/durandal/bin
PATH: /usr/local/bin
PATH: /usr/bin
PATH: /bin
PATH: /usr/local/games
PATH: /usr/games
PATH: /usr/local/ps3dev/bin
PATH: /usr/local/ps3dev/ppu/bin
PATH: /usr/local/ps3dev/spu/bin


## ----------- ##
## Core tests. ##
## ----------- ##

configure:2575: checking for a BSD-compatible install
configure:2643: result: ./install-sh -c
configure:2654: checking whether build environment is sane
configure:2704: result: yes
configure:2753: checking for i686-pc-linux-gnu-strip
configure:2783: result: no
configure:2793: checking for strip
configure:2809: found /usr/bin/strip
configure:2820: result: strip
configure:2845: checking for a thread-safe mkdir -p
configure:2884: result: /bin/mkdir -p
configure:2897: checking for gawk
configure:2913: found /usr/bin/gawk
configure:2924: result: gawk
configure:2935: checking whether make sets $(MAKE)
configure:2957: result: yes
configure:3109: checking for style of include used by make
configure:3137: result: GNU
configure:3167: checking for i686-pc-linux-gnu-gcc
configure:3194: result: gcc
configure:3463: checking for C compiler version
configure:3472: gcc --version >&5
gcc-4.4.real (Debian 4.4.5-8) 4.4.5
Copyright (C) 2010 Free Software Foundation, Inc.
This is free software; see the source for copying conditions.  There is NO
warranty; not even for MERCHANTABILITY or FITNESS FOR A PARTICULAR PURPOSE.

configure:3483: $? = 0
configure:3472: gcc -v >&5
Using built-in specs.
Target: x86_64-linux-gnu
Configured with: ../src/configure -v --with-pkgversion='Debian 4.4.5-8' --with-bugurl=file:///usr/share/doc/gcc-4.4/README.Bugs --enable-languages=c,c++,fortran,objc,obj-c++ --prefix=/usr --program-suffix=-4.4 --enable-shared --enable-multiarch --enable-linker-build-id --with-system-zlib --libexecdir=/usr/lib --without-included-gettext --enable-threads=posix --with-gxx-include-dir=/usr/include/c++/4.4 --libdir=/usr/lib --enable-nls --enable-clocale=gnu --enable-libstdcxx-debug --enable-objc-gc --with-arch-32=i586 --with-tune=generic --enable-checking=release --build=x86_64-linux-gnu --host=x86_64-linux-gnu --target=x86_64-linux-gnu
Thread model: posix
gcc version 4.4.5 (Debian 4.4.5-8) 
configure:3483: $? = 0
configure:3472: gcc -V >&5
gcc-4.4.real: '-V' option must have argument
configure:3483: $? = 1
configure:3472: gcc -qversion >&5
gcc-4.4.real: unrecognized option '-qversion'
gcc-4.4.real: no input files
configure:3483: $? = 1
configure:3503: checking whether the C compiler works
configure:3525: gcc -m32 -march=i686 -Os -fomit-frame-pointer   conftest.c  >&5
configure:3529: $? = 0
configure:3578: result: yes
configure:3581: checking for C compiler default output file name
configure:3583: result: a.out
configure:3589: checking for suffix of executables
configure:3596: gcc -o conftest -m32 -march=i686 -Os -fomit-frame-pointer   conftest.c  >&5
configure:3600: $? = 0
configure:3622: result: 
configure:3644: checking whether we are cross compiling
configure:3652: gcc -o conftest -m32 -march=i686 -Os -fomit-frame-pointer   conftest.c  >&5
configure:3656: $? = 0
configure:3663: ./conftest
configure:3667: $? = 0
configure:3682: result: no
configure:3687: checking for suffix of object files
configure:3709: gcc -c -m32 -march=i686 -Os -fomit-frame-pointer  conftest.c >&5
configure:3713: $? = 0
configure:3734: result: o
configure:3738: checking whether we are using the GNU C compiler
configure:3757: gcc -c -m32 -march=i686 -Os -fomit-frame-pointer  conftest.c >&5
configure:3757: $? = 0
configure:3766: result: yes
configure:3775: checking whether gcc accepts -g
configure:3795: gcc -c -g  conftest.c >&5
configure:3795: $? = 0
configure:3836: result: yes
configure:3853: checking for gcc option to accept ISO C89
configure:3917: gcc  -c -m32 -march=i686 -Os -fomit-frame-pointer  conftest.c >&5
configure:3917: $? = 0
configure:3930: result: none needed
configure:3952: checking dependency style of gcc
configure:4062: result: gcc3
configure:4083: checking how to run the C preprocessor
configure:4114: gcc -E  conftest.c
configure:4114: $? = 0
configure:4128: gcc -E  conftest.c
conftest.c:12:28: error: ac_nonexistent.h: No such file or directory
configure:4128: $? = 1
configure: failed program was:
| /* confdefs.h */
| #define PACKAGE_NAME "GNU Awk"
| #define PACKAGE_TARNAME "gawk"
| #define PACKAGE_VERSION "3.1.8"
| #define PACKAGE_STRING "GNU Awk 3.1.8"
| #define PACKAGE_BUGREPORT "bug-gawk@gnu.org"
| #define PACKAGE_URL "http://www.gnu.org/software/gawk/"
| #define PACKAGE "gawk"
| #define VERSION "3.1.8"
| #define NO_LINT 1
| /* end confdefs.h.  */
| #include <ac_nonexistent.h>
configure:4153: result: gcc -E
configure:4173: gcc -E  conftest.c
configure:4173: $? = 0
configure:4187: gcc -E  conftest.c
conftest.c:12:28: error: ac_nonexistent.h: No such file or directory
configure:4187: $? = 1
configure: failed program was:
| /* confdefs.h */
| #define PACKAGE_NAME "GNU Awk"
| #define PACKAGE_TARNAME "gawk"
| #define PACKAGE_VERSION "3.1.8"
| #define PACKAGE_STRING "GNU Awk 3.1.8"
| #define PACKAGE_BUGREPORT "bug-gawk@gnu.org"
| #define PACKAGE_URL "http://www.gnu.org/software/gawk/"
| #define PACKAGE "gawk"
| #define VERSION "3.1.8"
| #define NO_LINT 1
| /* end confdefs.h.  */
| #include <ac_nonexistent.h>
configure:4216: checking for grep that handles long lines and -e
configure:4274: result: /bin/grep
configure:4279: checking for egrep
configure:4341: result: /bin/grep -E
configure:4346: checking for ANSI C header files
configure:4366: gcc -c -m32 -march=i686 -Os -fomit-frame-pointer  conftest.c >&5
configure:4366: $? = 0
configure:4439: gcc -o conftest -m32 -march=i686 -Os -fomit-frame-pointer   conftest.c  >&5
configure:4439: $? = 0
configure:4439: ./conftest
configure:4439: $? = 0
configure:4450: result: yes
configure:4463: checking for sys/types.h
configure:4463: gcc -c -m32 -march=i686 -Os -fomit-frame-pointer  conftest.c >&5
configure:4463: $? = 0
configure:4463: result: yes
configure:4463: checking for sys/stat.h
configure:4463: gcc -c -m32 -march=i686 -Os -fomit-frame-pointer  conftest.c >&5
configure:4463: $? = 0
configure:4463: result: yes
configure:4463: checking for stdlib.h
configure:4463: gcc -c -m32 -march=i686 -Os -fomit-frame-pointer  conftest.c >&5
configure:4463: $? = 0
configure:4463: result: yes
configure:4463: checking for string.h
configure:4463: gcc -c -m32 -march=i686 -Os -fomit-frame-pointer  conftest.c >&5
configure:4463: $? = 0
configure:4463: result: yes
configure:4463: checking for memory.h
configure:4463: gcc -c -m32 -march=i686 -Os -fomit-frame-pointer  conftest.c >&5
configure:4463: $? = 0
configure:4463: result: yes
configure:4463: checking for strings.h
configure:4463: gcc -c -m32 -march=i686 -Os -fomit-frame-pointer  conftest.c >&5
configure:4463: $? = 0
configure:4463: result: yes
configure:4463: checking for inttypes.h
configure:4463: gcc -c -m32 -march=i686 -Os -fomit-frame-pointer  conftest.c >&5
configure:4463: $? = 0
configure:4463: result: yes
configure:4463: checking for stdint.h
configure:4463: gcc -c -m32 -march=i686 -Os -fomit-frame-pointer  conftest.c >&5
configure:4463: $? = 0
configure:4463: result: yes
configure:4463: checking for unistd.h
configure:4463: gcc -c -m32 -march=i686 -Os -fomit-frame-pointer  conftest.c >&5
configure:4463: $? = 0
configure:4463: result: yes
configure:4477: checking minix/config.h usability
configure:4477: gcc -c -m32 -march=i686 -Os -fomit-frame-pointer  conftest.c >&5
conftest.c:55:26: error: minix/config.h: No such file or directory
configure:4477: $? = 1
configure: failed program was:
| /* confdefs.h */
| #define PACKAGE_NAME "GNU Awk"
| #define PACKAGE_TARNAME "gawk"
| #define PACKAGE_VERSION "3.1.8"
| #define PACKAGE_STRING "GNU Awk 3.1.8"
| #define PACKAGE_BUGREPORT "bug-gawk@gnu.org"
| #define PACKAGE_URL "http://www.gnu.org/software/gawk/"
| #define PACKAGE "gawk"
| #define VERSION "3.1.8"
| #define NO_LINT 1
| #define STDC_HEADERS 1
| #define HAVE_SYS_TYPES_H 1
| #define HAVE_SYS_STAT_H 1
| #define HAVE_STDLIB_H 1
| #define HAVE_STRING_H 1
| #define HAVE_MEMORY_H 1
| #define HAVE_STRINGS_H 1
| #define HAVE_INTTYPES_H 1
| #define HAVE_STDINT_H 1
| #define HAVE_UNISTD_H 1
| /* end confdefs.h.  */
| #include <stdio.h>
| #ifdef HAVE_SYS_TYPES_H
| # include <sys/types.h>
| #endif
| #ifdef HAVE_SYS_STAT_H
| # include <sys/stat.h>
| #endif
| #ifdef STDC_HEADERS
| # include <stdlib.h>
| # include <stddef.h>
| #else
| # ifdef HAVE_STDLIB_H
| #  include <stdlib.h>
| # endif
| #endif
| #ifdef HAVE_STRING_H
| # if !defined STDC_HEADERS && defined HAVE_MEMORY_H
| #  include <memory.h>
| # endif
| # include <string.h>
| #endif
| #ifdef HAVE_STRINGS_H
| # include <strings.h>
| #endif
| #ifdef HAVE_INTTYPES_H
| # include <inttypes.h>
| #endif
| #ifdef HAVE_STDINT_H
| # include <stdint.h>
| #endif
| #ifdef HAVE_UNISTD_H
| # include <unistd.h>
| #endif
| #include <minix/config.h>
configure:4477: result: no
configure:4477: checking minix/config.h presence
configure:4477: gcc -E  conftest.c
conftest.c:22:26: error: minix/config.h: No such file or directory
configure:4477: $? = 1
configure: failed program was:
| /* confdefs.h */
| #define PACKAGE_NAME "GNU Awk"
| #define PACKAGE_TARNAME "gawk"
| #define PACKAGE_VERSION "3.1.8"
| #define PACKAGE_STRING "GNU Awk 3.1.8"
| #define PACKAGE_BUGREPORT "bug-gawk@gnu.org"
| #define PACKAGE_URL "http://www.gnu.org/software/gawk/"
| #define PACKAGE "gawk"
| #define VERSION "3.1.8"
| #define NO_LINT 1
| #define STDC_HEADERS 1
| #define HAVE_SYS_TYPES_H 1
| #define HAVE_SYS_STAT_H 1
| #define HAVE_STDLIB_H 1
| #define HAVE_STRING_H 1
| #define HAVE_MEMORY_H 1
| #define HAVE_STRINGS_H 1
| #define HAVE_INTTYPES_H 1
| #define HAVE_STDINT_H 1
| #define HAVE_UNISTD_H 1
| /* end confdefs.h.  */
| #include <minix/config.h>
configure:4477: result: no
configure:4477: checking for minix/config.h
configure:4477: result: no
configure:4498: checking whether it is safe to define __EXTENSIONS__
configure:4516: gcc -c -m32 -march=i686 -Os -fomit-frame-pointer  conftest.c >&5
configure:4516: $? = 0
configure:4523: result: yes
configure:4538: checking for egrep
configure:4600: result: /bin/grep -E
configure:4609: checking for bison
configure:4625: found /usr/bin/bison
configure:4636: result: bison -y
configure:4648: checking whether ln -s works
configure:4652: result: yes
configure:4667: checking for i686-pc-linux-gnu-gcc
configure:4694: result: gcc
configure:4963: checking for C compiler version
configure:4972: gcc --version >&5
gcc-4.4.real (Debian 4.4.5-8) 4.4.5
Copyright (C) 2010 Free Software Foundation, Inc.
This is free software; see the source for copying conditions.  There is NO
warranty; not even for MERCHANTABILITY or FITNESS FOR A PARTICULAR PURPOSE.

configure:4983: $? = 0
configure:4972: gcc -v >&5
Using built-in specs.
Target: x86_64-linux-gnu
Configured with: ../src/configure -v --with-pkgversion='Debian 4.4.5-8' --with-bugurl=file:///usr/share/doc/gcc-4.4/README.Bugs --enable-languages=c,c++,fortran,objc,obj-c++ --prefix=/usr --program-suffix=-4.4 --enable-shared --enable-multiarch --enable-linker-build-id --with-system-zlib --libexecdir=/usr/lib --without-included-gettext --enable-threads=posix --with-gxx-include-dir=/usr/include/c++/4.4 --libdir=/usr/lib --enable-nls --enable-clocale=gnu --enable-libstdcxx-debug --enable-objc-gc --with-arch-32=i586 --with-tune=generic --enable-checking=release --build=x86_64-linux-gnu --host=x86_64-linux-gnu --target=x86_64-linux-gnu
Thread model: posix
gcc version 4.4.5 (Debian 4.4.5-8) 
configure:4983: $? = 0
configure:4972: gcc -V >&5
gcc-4.4.real: '-V' option must have argument
configure:4983: $? = 1
configure:4972: gcc -qversion >&5
gcc-4.4.real: unrecognized option '-qversion'
gcc-4.4.real: no input files
configure:4983: $? = 1
configure:4987: checking whether we are using the GNU C compiler
configure:5015: result: yes
configure:5024: checking whether gcc accepts -g
configure:5085: result: yes
configure:5102: checking for gcc option to accept ISO C89
configure:5179: result: none needed
configure:5201: checking dependency style of gcc
configure:5311: result: gcc3
configure:5331: checking how to run the C preprocessor
configure:5401: result: gcc -E
configure:5421: gcc -E  conftest.c
configure:5421: $? = 0
configure:5435: gcc -E  conftest.c
conftest.c:27:28: error: ac_nonexistent.h: No such file or directory
configure:5435: $? = 1
configure: failed program was:
| /* confdefs.h */
| #define PACKAGE_NAME "GNU Awk"
| #define PACKAGE_TARNAME "gawk"
| #define PACKAGE_VERSION "3.1.8"
| #define PACKAGE_STRING "GNU Awk 3.1.8"
| #define PACKAGE_BUGREPORT "bug-gawk@gnu.org"
| #define PACKAGE_URL "http://www.gnu.org/software/gawk/"
| #define PACKAGE "gawk"
| #define VERSION "3.1.8"
| #define NO_LINT 1
| #define STDC_HEADERS 1
| #define HAVE_SYS_TYPES_H 1
| #define HAVE_SYS_STAT_H 1
| #define HAVE_STDLIB_H 1
| #define HAVE_STRING_H 1
| #define HAVE_MEMORY_H 1
| #define HAVE_STRINGS_H 1
| #define HAVE_INTTYPES_H 1
| #define HAVE_STDINT_H 1
| #define HAVE_UNISTD_H 1
| #define __EXTENSIONS__ 1
| #define _ALL_SOURCE 1
| #define _GNU_SOURCE 1
| #define _POSIX_PTHREAD_SEMANTICS 1
| #define _TANDEM_SOURCE 1
| /* end confdefs.h.  */
| #include <ac_nonexistent.h>
configure:5468: checking whether make sets $(MAKE)
configure:5490: result: yes
configure:5502: checking for special development options
configure:5522: result: no
configure:5529: checking for z/OS USS compilation
configure:5540: result: no
configure:5544: checking for strerror in -lcposix
configure:5569: gcc -o conftest -m32 -march=i686 -Os -fomit-frame-pointer   conftest.c -lcposix   >&5
/usr/bin/ld.bfd.real: cannot find -lcposix
collect2: ld returned 1 exit status
configure:5569: $? = 1
configure: failed program was:
| /* confdefs.h */
| #define PACKAGE_NAME "GNU Awk"
| #define PACKAGE_TARNAME "gawk"
| #define PACKAGE_VERSION "3.1.8"
| #define PACKAGE_STRING "GNU Awk 3.1.8"
| #define PACKAGE_BUGREPORT "bug-gawk@gnu.org"
| #define PACKAGE_URL "http://www.gnu.org/software/gawk/"
| #define PACKAGE "gawk"
| #define VERSION "3.1.8"
| #define NO_LINT 1
| #define STDC_HEADERS 1
| #define HAVE_SYS_TYPES_H 1
| #define HAVE_SYS_STAT_H 1
| #define HAVE_STDLIB_H 1
| #define HAVE_STRING_H 1
| #define HAVE_MEMORY_H 1
| #define HAVE_STRINGS_H 1
| #define HAVE_INTTYPES_H 1
| #define HAVE_STDINT_H 1
| #define HAVE_UNISTD_H 1
| #define __EXTENSIONS__ 1
| #define _ALL_SOURCE 1
| #define _GNU_SOURCE 1
| #define _POSIX_PTHREAD_SEMANTICS 1
| #define _TANDEM_SOURCE 1
| /* end confdefs.h.  */
| 
| /* Override any GCC internal prototype to avoid an error.
|    Use char because int might match the return type of a GCC
|    builtin and then its argument prototype would still apply.  */
| #ifdef __cplusplus
| extern "C"
| #endif
| char strerror ();
| int
| main ()
| {
| return strerror ();
|   ;
|   return 0;
| }
configure:5578: result: no
configure:5785: checking for AIX compilation hacks
configure:5800: result: no
configure:5804: checking for Linux/Alpha compilation hacks
configure:5826: result: no
configure:5835: checking for function prototypes
configure:5838: result: yes
configure:5861: checking for string.h
configure:5861: result: yes
configure:5883: checking whether NLS is requested
configure:5892: result: no
configure:5933: checking for msgfmt
configure: trying /usr/bin/msgfmt...
0 translated messages.
configure:5965: result: /usr/bin/msgfmt
configure:5974: checking for gmsgfmt
configure:6005: result: /usr/bin/msgfmt
configure:6056: checking for xgettext
configure: trying /usr/bin/xgettext...
/usr/bin/xgettext: warning: file `/dev/null' extension `' is unknown; will try C
configure:6088: result: /usr/bin/xgettext
configure:6134: checking for msgmerge
configure: trying /usr/bin/msgmerge...
configure:6165: result: /usr/bin/msgmerge
configure:6202: checking build system type
configure:6216: result: x86_64-unknown-linux-gnu
configure:6236: checking host system type
configure:6249: result: i686-pc-linux-gnu
configure:6293: checking for ld used by GCC
configure:6357: result: /usr/bin/ld
configure:6364: checking if the linker (/usr/bin/ld) is GNU ld
configure:6377: result: yes
configure:6384: checking for shared library run path origin
configure:6397: result: done
configure:6898: checking for CFPreferencesCopyAppValue
configure:6916: gcc -o conftest -m32 -march=i686 -Os -fomit-frame-pointer   conftest.c  -Wl,-framework -Wl,CoreFoundation >&5
conftest.c:30:42: error: CoreFoundation/CFPreferences.h: No such file or directory
conftest.c: In function 'main':
conftest.c:34: error: 'NULL' undeclared (first use in this function)
conftest.c:34: error: (Each undeclared identifier is reported only once
conftest.c:34: error: for each function it appears in.)
configure:6916: $? = 1
configure: failed program was:
| /* confdefs.h */
| #define PACKAGE_NAME "GNU Awk"
| #define PACKAGE_TARNAME "gawk"
| #define PACKAGE_VERSION "3.1.8"
| #define PACKAGE_STRING "GNU Awk 3.1.8"
| #define PACKAGE_BUGREPORT "bug-gawk@gnu.org"
| #define PACKAGE_URL "http://www.gnu.org/software/gawk/"
| #define PACKAGE "gawk"
| #define VERSION "3.1.8"
| #define NO_LINT 1
| #define STDC_HEADERS 1
| #define HAVE_SYS_TYPES_H 1
| #define HAVE_SYS_STAT_H 1
| #define HAVE_STDLIB_H 1
| #define HAVE_STRING_H 1
| #define HAVE_MEMORY_H 1
| #define HAVE_STRINGS_H 1
| #define HAVE_INTTYPES_H 1
| #define HAVE_STDINT_H 1
| #define HAVE_UNISTD_H 1
| #define __EXTENSIONS__ 1
| #define _ALL_SOURCE 1
| #define _GNU_SOURCE 1
| #define _POSIX_PTHREAD_SEMANTICS 1
| #define _TANDEM_SOURCE 1
| #define PROTOTYPES 1
| #define __PROTOTYPES 1
| #define HAVE_STRING_H 1
| /* end confdefs.h.  */
| #include <CoreFoundation/CFPreferences.h>
| int
| main ()
| {
| CFPreferencesCopyAppValue(NULL, NULL)
|   ;
|   return 0;
| }
configure:6925: result: no
configure:6932: checking for CFLocaleCopyCurrent
configure:6950: gcc -o conftest -m32 -march=i686 -Os -fomit-frame-pointer   conftest.c  -Wl,-framework -Wl,CoreFoundation >&5
conftest.c:30:37: error: CoreFoundation/CFLocale.h: No such file or directory
configure:6950: $? = 1
configure: failed program was:
| /* confdefs.h */
| #define PACKAGE_NAME "GNU Awk"
| #define PACKAGE_TARNAME "gawk"
| #define PACKAGE_VERSION "3.1.8"
| #define PACKAGE_STRING "GNU Awk 3.1.8"
| #define PACKAGE_BUGREPORT "bug-gawk@gnu.org"
| #define PACKAGE_URL "http://www.gnu.org/software/gawk/"
| #define PACKAGE "gawk"
| #define VERSION "3.1.8"
| #define NO_LINT 1
| #define STDC_HEADERS 1
| #define HAVE_SYS_TYPES_H 1
| #define HAVE_SYS_STAT_H 1
| #define HAVE_STDLIB_H 1
| #define HAVE_STRING_H 1
| #define HAVE_MEMORY_H 1
| #define HAVE_STRINGS_H 1
| #define HAVE_INTTYPES_H 1
| #define HAVE_STDINT_H 1
| #define HAVE_UNISTD_H 1
| #define __EXTENSIONS__ 1
| #define _ALL_SOURCE 1
| #define _GNU_SOURCE 1
| #define _POSIX_PTHREAD_SEMANTICS 1
| #define _TANDEM_SOURCE 1
| #define PROTOTYPES 1
| #define __PROTOTYPES 1
| #define HAVE_STRING_H 1
| /* end confdefs.h.  */
| #include <CoreFoundation/CFLocale.h>
| int
| main ()
| {
| CFLocaleCopyCurrent();
|   ;
|   return 0;
| }
configure:6959: result: no
configure:7783: checking whether to use NLS
configure:7785: result: no
configure:7858: checking for nl_langinfo and CODESET
configure:7874: gcc -o conftest -m32 -march=i686 -Os -fomit-frame-pointer   conftest.c  >&5
configure:7874: $? = 0
configure:7883: result: yes
configure:7892: checking for LC_MESSAGES
configure:7908: gcc -o conftest -m32 -march=i686 -Os -fomit-frame-pointer   conftest.c  >&5
configure:7908: $? = 0
configure:7916: result: yes
configure:7925: checking for ANSI C header files
configure:8029: result: yes
configure:8037: checking for sys/wait.h that is POSIX.1 compatible
configure:8063: gcc -c -m32 -march=i686 -Os -fomit-frame-pointer  conftest.c >&5
configure:8063: $? = 0
configure:8070: result: yes
configure:8078: checking whether time.h and sys/time.h may both be included
configure:8098: gcc -c -m32 -march=i686 -Os -fomit-frame-pointer  conftest.c >&5
configure:8098: $? = 0
configure:8105: result: yes
configure:8119: checking arpa/inet.h usability
configure:8119: gcc -c -m32 -march=i686 -Os -fomit-frame-pointer  conftest.c >&5
configure:8119: $? = 0
configure:8119: result: yes
configure:8119: checking arpa/inet.h presence
configure:8119: gcc -E  conftest.c
configure:8119: $? = 0
configure:8119: result: yes
configure:8119: checking for arpa/inet.h
configure:8119: result: yes
configure:8119: checking fcntl.h usability
configure:8119: gcc -c -m32 -march=i686 -Os -fomit-frame-pointer  conftest.c >&5
configure:8119: $? = 0
configure:8119: result: yes
configure:8119: checking fcntl.h presence
configure:8119: gcc -E  conftest.c
configure:8119: $? = 0
configure:8119: result: yes
configure:8119: checking for fcntl.h
configure:8119: result: yes
configure:8119: checking limits.h usability
configure:8119: gcc -c -m32 -march=i686 -Os -fomit-frame-pointer  conftest.c >&5
configure:8119: $? = 0
configure:8119: result: yes
configure:8119: checking limits.h presence
configure:8119: gcc -E  conftest.c
configure:8119: $? = 0
configure:8119: result: yes
configure:8119: checking for limits.h
configure:8119: result: yes
configure:8119: checking locale.h usability
configure:8119: gcc -c -m32 -march=i686 -Os -fomit-frame-pointer  conftest.c >&5
configure:8119: $? = 0
configure:8119: result: yes
configure:8119: checking locale.h presence
configure:8119: gcc -E  conftest.c
configure:8119: $? = 0
configure:8119: result: yes
configure:8119: checking for locale.h
configure:8119: result: yes
configure:8119: checking libintl.h usability
configure:8119: gcc -c -m32 -march=i686 -Os -fomit-frame-pointer  conftest.c >&5
configure:8119: $? = 0
configure:8119: result: yes
configure:8119: checking libintl.h presence
configure:8119: gcc -E  conftest.c
configure:8119: $? = 0
configure:8119: result: yes
configure:8119: checking for libintl.h
configure:8119: result: yes
configure:8119: checking mcheck.h usability
configure:8119: gcc -c -m32 -march=i686 -Os -fomit-frame-pointer  conftest.c >&5
configure:8119: $? = 0
configure:8119: result: yes
configure:8119: checking mcheck.h presence
configure:8119: gcc -E  conftest.c
configure:8119: $? = 0
configure:8119: result: yes
configure:8119: checking for mcheck.h
configure:8119: result: yes
configure:8119: checking netdb.h usability
configure:8119: gcc -c -m32 -march=i686 -Os -fomit-frame-pointer  conftest.c >&5
configure:8119: $? = 0
configure:8119: result: yes
configure:8119: checking netdb.h presence
configure:8119: gcc -E  conftest.c
configure:8119: $? = 0
configure:8119: result: yes
configure:8119: checking for netdb.h
configure:8119: result: yes
configure:8119: checking netinet/in.h usability
configure:8119: gcc -c -m32 -march=i686 -Os -fomit-frame-pointer  conftest.c >&5
configure:8119: $? = 0
configure:8119: result: yes
configure:8119: checking netinet/in.h presence
configure:8119: gcc -E  conftest.c
configure:8119: $? = 0
configure:8119: result: yes
configure:8119: checking for netinet/in.h
configure:8119: result: yes
configure:8119: checking stdarg.h usability
configure:8119: gcc -c -m32 -march=i686 -Os -fomit-frame-pointer  conftest.c >&5
configure:8119: $? = 0
configure:8119: result: yes
configure:8119: checking stdarg.h presence
configure:8119: gcc -E  conftest.c
configure:8119: $? = 0
configure:8119: result: yes
configure:8119: checking for stdarg.h
configure:8119: result: yes
configure:8119: checking stddef.h usability
configure:8119: gcc -c -m32 -march=i686 -Os -fomit-frame-pointer  conftest.c >&5
configure:8119: $? = 0
configure:8119: result: yes
configure:8119: checking stddef.h presence
configure:8119: gcc -E  conftest.c
configure:8119: $? = 0
configure:8119: result: yes
configure:8119: checking for stddef.h
configure:8119: result: yes
configure:8119: checking for string.h
configure:8119: result: yes
configure:8119: checking sys/param.h usability
configure:8119: gcc -c -m32 -march=i686 -Os -fomit-frame-pointer  conftest.c >&5
configure:8119: $? = 0
configure:8119: result: yes
configure:8119: checking sys/param.h presence
configure:8119: gcc -E  conftest.c
configure:8119: $? = 0
configure:8119: result: yes
configure:8119: checking for sys/param.h
configure:8119: result: yes
configure:8119: checking sys/socket.h usability
configure:8119: gcc -c -m32 -march=i686 -Os -fomit-frame-pointer  conftest.c >&5
configure:8119: $? = 0
configure:8119: result: yes
configure:8119: checking sys/socket.h presence
configure:8119: gcc -E  conftest.c
configure:8119: $? = 0
configure:8119: result: yes
configure:8119: checking for sys/socket.h
configure:8119: result: yes
configure:8119: checking sys/time.h usability
configure:8119: gcc -c -m32 -march=i686 -Os -fomit-frame-pointer  conftest.c >&5
configure:8119: $? = 0
configure:8119: result: yes
configure:8119: checking sys/time.h presence
configure:8119: gcc -E  conftest.c
configure:8119: $? = 0
configure:8119: result: yes
configure:8119: checking for sys/time.h
configure:8119: result: yes
configure:8119: checking for unistd.h
configure:8119: result: yes
configure:8119: checking termios.h usability
configure:8119: gcc -c -m32 -march=i686 -Os -fomit-frame-pointer  conftest.c >&5
configure:8119: $? = 0
configure:8119: result: yes
configure:8119: checking termios.h presence
configure:8119: gcc -E  conftest.c
configure:8119: $? = 0
configure:8119: result: yes
configure:8119: checking for termios.h
configure:8119: result: yes
configure:8119: checking stropts.h usability
configure:8119: gcc -c -m32 -march=i686 -Os -fomit-frame-pointer  conftest.c >&5
configure:8119: $? = 0
configure:8119: result: yes
configure:8119: checking stropts.h presence
configure:8119: gcc -E  conftest.c
configure:8119: $? = 0
configure:8119: result: yes
configure:8119: checking for stropts.h
configure:8119: result: yes
configure:8119: checking wchar.h usability
configure:8119: gcc -c -m32 -march=i686 -Os -fomit-frame-pointer  conftest.c >&5
configure:8119: $? = 0
configure:8119: result: yes
configure:8119: checking wchar.h presence
configure:8119: gcc -E  conftest.c
configure:8119: $? = 0
configure:8119: result: yes
configure:8119: checking for wchar.h
configure:8119: result: yes
configure:8119: checking wctype.h usability
configure:8119: gcc -c -m32 -march=i686 -Os -fomit-frame-pointer  conftest.c >&5
configure:8119: $? = 0
configure:8119: result: yes
configure:8119: checking wctype.h presence
configure:8119: gcc -E  conftest.c
configure:8119: $? = 0
configure:8119: result: yes
configure:8119: checking for wctype.h
configure:8119: result: yes
configure:8135: checking for memory.h
configure:8135: result: yes
configure:8160: checking for pid_t
configure:8160: gcc -c -m32 -march=i686 -Os -fomit-frame-pointer  conftest.c >&5
configure:8160: $? = 0
configure:8160: gcc -c -m32 -march=i686 -Os -fomit-frame-pointer  conftest.c >&5
conftest.c: In function 'main':
conftest.c:91: error: expected expression before ')' token
configure:8160: $? = 1
configure: failed program was:
| /* confdefs.h */
| #define PACKAGE_NAME "GNU Awk"
| #define PACKAGE_TARNAME "gawk"
| #define PACKAGE_VERSION "3.1.8"
| #define PACKAGE_STRING "GNU Awk 3.1.8"
| #define PACKAGE_BUGREPORT "bug-gawk@gnu.org"
| #define PACKAGE_URL "http://www.gnu.org/software/gawk/"
| #define PACKAGE "gawk"
| #define VERSION "3.1.8"
| #define NO_LINT 1
| #define STDC_HEADERS 1
| #define HAVE_SYS_TYPES_H 1
| #define HAVE_SYS_STAT_H 1
| #define HAVE_STDLIB_H 1
| #define HAVE_STRING_H 1
| #define HAVE_MEMORY_H 1
| #define HAVE_STRINGS_H 1
| #define HAVE_INTTYPES_H 1
| #define HAVE_STDINT_H 1
| #define HAVE_UNISTD_H 1
| #define __EXTENSIONS__ 1
| #define _ALL_SOURCE 1
| #define _GNU_SOURCE 1
| #define _POSIX_PTHREAD_SEMANTICS 1
| #define _TANDEM_SOURCE 1
| #define PROTOTYPES 1
| #define __PROTOTYPES 1
| #define HAVE_STRING_H 1
| #define HAVE_LANGINFO_CODESET 1
| #define HAVE_LC_MESSAGES 1
| #define STDC_HEADERS 1
| #define HAVE_SYS_WAIT_H 1
| #define TIME_WITH_SYS_TIME 1
| #define HAVE_ARPA_INET_H 1
| #define HAVE_FCNTL_H 1
| #define HAVE_LIMITS_H 1
| #define HAVE_LOCALE_H 1
| #define HAVE_LIBINTL_H 1
| #define HAVE_MCHECK_H 1
| #define HAVE_NETDB_H 1
| #define HAVE_NETINET_IN_H 1
| #define HAVE_STDARG_H 1
| #define HAVE_STDDEF_H 1
| #define HAVE_STRING_H 1
| #define HAVE_SYS_PARAM_H 1
| #define HAVE_SYS_SOCKET_H 1
| #define HAVE_SYS_TIME_H 1
| #define HAVE_UNISTD_H 1
| #define HAVE_TERMIOS_H 1
| #define HAVE_STROPTS_H 1
| #define HAVE_WCHAR_H 1
| #define HAVE_WCTYPE_H 1
| #define HAVE_MEMORY_H 1
| /* end confdefs.h.  */
| #include <stdio.h>
| #ifdef HAVE_SYS_TYPES_H
| # include <sys/types.h>
| #endif
| #ifdef HAVE_SYS_STAT_H
| # include <sys/stat.h>
| #endif
| #ifdef STDC_HEADERS
| # include <stdlib.h>
| # include <stddef.h>
| #else
| # ifdef HAVE_STDLIB_H
| #  include <stdlib.h>
| # endif
| #endif
| #ifdef HAVE_STRING_H
| # if !defined STDC_HEADERS && defined HAVE_MEMORY_H
| #  include <memory.h>
| # endif
| # include <string.h>
| #endif
| #ifdef HAVE_STRINGS_H
| # include <strings.h>
| #endif
| #ifdef HAVE_INTTYPES_H
| # include <inttypes.h>
| #endif
| #ifdef HAVE_STDINT_H
| # include <stdint.h>
| #endif
| #ifdef HAVE_UNISTD_H
| # include <unistd.h>
| #endif
| int
| main ()
| {
| if (sizeof ((pid_t)))
| 	    return 0;
|   ;
|   return 0;
| }
configure:8160: result: yes
configure:8171: checking return type of signal handlers
configure:8189: gcc -c -m32 -march=i686 -Os -fomit-frame-pointer  conftest.c >&5
conftest.c: In function 'main':
conftest.c:61: error: void value not ignored as it ought to be
configure:8189: $? = 1
configure: failed program was:
| /* confdefs.h */
| #define PACKAGE_NAME "GNU Awk"
| #define PACKAGE_TARNAME "gawk"
| #define PACKAGE_VERSION "3.1.8"
| #define PACKAGE_STRING "GNU Awk 3.1.8"
| #define PACKAGE_BUGREPORT "bug-gawk@gnu.org"
| #define PACKAGE_URL "http://www.gnu.org/software/gawk/"
| #define PACKAGE "gawk"
| #define VERSION "3.1.8"
| #define NO_LINT 1
| #define STDC_HEADERS 1
| #define HAVE_SYS_TYPES_H 1
| #define HAVE_SYS_STAT_H 1
| #define HAVE_STDLIB_H 1
| #define HAVE_STRING_H 1
| #define HAVE_MEMORY_H 1
| #define HAVE_STRINGS_H 1
| #define HAVE_INTTYPES_H 1
| #define HAVE_STDINT_H 1
| #define HAVE_UNISTD_H 1
| #define __EXTENSIONS__ 1
| #define _ALL_SOURCE 1
| #define _GNU_SOURCE 1
| #define _POSIX_PTHREAD_SEMANTICS 1
| #define _TANDEM_SOURCE 1
| #define PROTOTYPES 1
| #define __PROTOTYPES 1
| #define HAVE_STRING_H 1
| #define HAVE_LANGINFO_CODESET 1
| #define HAVE_LC_MESSAGES 1
| #define STDC_HEADERS 1
| #define HAVE_SYS_WAIT_H 1
| #define TIME_WITH_SYS_TIME 1
| #define HAVE_ARPA_INET_H 1
| #define HAVE_FCNTL_H 1
| #define HAVE_LIMITS_H 1
| #define HAVE_LOCALE_H 1
| #define HAVE_LIBINTL_H 1
| #define HAVE_MCHECK_H 1
| #define HAVE_NETDB_H 1
| #define HAVE_NETINET_IN_H 1
| #define HAVE_STDARG_H 1
| #define HAVE_STDDEF_H 1
| #define HAVE_STRING_H 1
| #define HAVE_SYS_PARAM_H 1
| #define HAVE_SYS_SOCKET_H 1
| #define HAVE_SYS_TIME_H 1
| #define HAVE_UNISTD_H 1
| #define HAVE_TERMIOS_H 1
| #define HAVE_STROPTS_H 1
| #define HAVE_WCHAR_H 1
| #define HAVE_WCTYPE_H 1
| #define HAVE_MEMORY_H 1
| /* end confdefs.h.  */
| #include <sys/types.h>
| #include <signal.h>
| 
| int
| main ()
| {
| return *(signal (0, 0)) (0) == 1;
|   ;
|   return 0;
| }
configure:8196: result: void
configure:8204: checking for size_t
configure:8204: gcc -c -m32 -march=i686 -Os -fomit-frame-pointer  conftest.c >&5
configure:8204: $? = 0
configure:8204: gcc -c -m32 -march=i686 -Os -fomit-frame-pointer  conftest.c >&5
conftest.c: In function 'main':
conftest.c:92: error: expected expression before ')' token
configure:8204: $? = 1
configure: failed program was:
| /* confdefs.h */
| #define PACKAGE_NAME "GNU Awk"
| #define PACKAGE_TARNAME "gawk"
| #define PACKAGE_VERSION "3.1.8"
| #define PACKAGE_STRING "GNU Awk 3.1.8"
| #define PACKAGE_BUGREPORT "bug-gawk@gnu.org"
| #define PACKAGE_URL "http://www.gnu.org/software/gawk/"
| #define PACKAGE "gawk"
| #define VERSION "3.1.8"
| #define NO_LINT 1
| #define STDC_HEADERS 1
| #define HAVE_SYS_TYPES_H 1
| #define HAVE_SYS_STAT_H 1
| #define HAVE_STDLIB_H 1
| #define HAVE_STRING_H 1
| #define HAVE_MEMORY_H 1
| #define HAVE_STRINGS_H 1
| #define HAVE_INTTYPES_H 1
| #define HAVE_STDINT_H 1
| #define HAVE_UNISTD_H 1
| #define __EXTENSIONS__ 1
| #define _ALL_SOURCE 1
| #define _GNU_SOURCE 1
| #define _POSIX_PTHREAD_SEMANTICS 1
| #define _TANDEM_SOURCE 1
| #define PROTOTYPES 1
| #define __PROTOTYPES 1
| #define HAVE_STRING_H 1
| #define HAVE_LANGINFO_CODESET 1
| #define HAVE_LC_MESSAGES 1
| #define STDC_HEADERS 1
| #define HAVE_SYS_WAIT_H 1
| #define TIME_WITH_SYS_TIME 1
| #define HAVE_ARPA_INET_H 1
| #define HAVE_FCNTL_H 1
| #define HAVE_LIMITS_H 1
| #define HAVE_LOCALE_H 1
| #define HAVE_LIBINTL_H 1
| #define HAVE_MCHECK_H 1
| #define HAVE_NETDB_H 1
| #define HAVE_NETINET_IN_H 1
| #define HAVE_STDARG_H 1
| #define HAVE_STDDEF_H 1
| #define HAVE_STRING_H 1
| #define HAVE_SYS_PARAM_H 1
| #define HAVE_SYS_SOCKET_H 1
| #define HAVE_SYS_TIME_H 1
| #define HAVE_UNISTD_H 1
| #define HAVE_TERMIOS_H 1
| #define HAVE_STROPTS_H 1
| #define HAVE_WCHAR_H 1
| #define HAVE_WCTYPE_H 1
| #define HAVE_MEMORY_H 1
| #define RETSIGTYPE void
| /* end confdefs.h.  */
| #include <stdio.h>
| #ifdef HAVE_SYS_TYPES_H
| # include <sys/types.h>
| #endif
| #ifdef HAVE_SYS_STAT_H
| # include <sys/stat.h>
| #endif
| #ifdef STDC_HEADERS
| # include <stdlib.h>
| # include <stddef.h>
| #else
| # ifdef HAVE_STDLIB_H
| #  include <stdlib.h>
| # endif
| #endif
| #ifdef HAVE_STRING_H
| # if !defined STDC_HEADERS && defined HAVE_MEMORY_H
| #  include <memory.h>
| # endif
| # include <string.h>
| #endif
| #ifdef HAVE_STRINGS_H
| # include <strings.h>
| #endif
| #ifdef HAVE_INTTYPES_H
| # include <inttypes.h>
| #endif
| #ifdef HAVE_STDINT_H
| # include <stdint.h>
| #endif
| #ifdef HAVE_UNISTD_H
| # include <unistd.h>
| #endif
| int
| main ()
| {
| if (sizeof ((size_t)))
| 	    return 0;
|   ;
|   return 0;
| }
configure:8204: result: yes
configure:8215: checking for uid_t in sys/types.h
configure:8234: result: yes
configure:8245: checking type of array argument to getgroups
configure:8279: gcc -o conftest -m32 -march=i686 -Os -fomit-frame-pointer   conftest.c  >&5
configure:8279: $? = 0
configure:8279: ./conftest
configure:8279: $? = 0
configure:8304: result: gid_t
configure:8313: checking for long long int
configure:8336: gcc -o conftest -m32 -march=i686 -Os -fomit-frame-pointer   conftest.c  >&5
configure:8336: $? = 0
configure:8344: result: yes
configure:8362: checking for unsigned long long int
configure:8383: gcc -o conftest -m32 -march=i686 -Os -fomit-frame-pointer   conftest.c  >&5
configure:8383: $? = 0
configure:8391: result: yes
configure:8413: checking for inttypes.h
configure:8430: gcc -c -m32 -march=i686 -Os -fomit-frame-pointer  conftest.c >&5
configure:8430: $? = 0
configure:8437: result: yes
configure:8453: checking for stdint.h
configure:8470: gcc -c -m32 -march=i686 -Os -fomit-frame-pointer  conftest.c >&5
configure:8470: $? = 0
configure:8477: result: yes
configure:8526: checking for ssize_t
configure:8526: gcc -c -m32 -march=i686 -Os -fomit-frame-pointer  conftest.c >&5
configure:8526: $? = 0
configure:8526: gcc -c -m32 -march=i686 -Os -fomit-frame-pointer  conftest.c >&5
conftest.c: In function 'main':
conftest.c:101: error: expected expression before ')' token
configure:8526: $? = 1
configure: failed program was:
| /* confdefs.h */
| #define PACKAGE_NAME "GNU Awk"
| #define PACKAGE_TARNAME "gawk"
| #define PACKAGE_VERSION "3.1.8"
| #define PACKAGE_STRING "GNU Awk 3.1.8"
| #define PACKAGE_BUGREPORT "bug-gawk@gnu.org"
| #define PACKAGE_URL "http://www.gnu.org/software/gawk/"
| #define PACKAGE "gawk"
| #define VERSION "3.1.8"
| #define NO_LINT 1
| #define STDC_HEADERS 1
| #define HAVE_SYS_TYPES_H 1
| #define HAVE_SYS_STAT_H 1
| #define HAVE_STDLIB_H 1
| #define HAVE_STRING_H 1
| #define HAVE_MEMORY_H 1
| #define HAVE_STRINGS_H 1
| #define HAVE_INTTYPES_H 1
| #define HAVE_STDINT_H 1
| #define HAVE_UNISTD_H 1
| #define __EXTENSIONS__ 1
| #define _ALL_SOURCE 1
| #define _GNU_SOURCE 1
| #define _POSIX_PTHREAD_SEMANTICS 1
| #define _TANDEM_SOURCE 1
| #define PROTOTYPES 1
| #define __PROTOTYPES 1
| #define HAVE_STRING_H 1
| #define HAVE_LANGINFO_CODESET 1
| #define HAVE_LC_MESSAGES 1
| #define STDC_HEADERS 1
| #define HAVE_SYS_WAIT_H 1
| #define TIME_WITH_SYS_TIME 1
| #define HAVE_ARPA_INET_H 1
| #define HAVE_FCNTL_H 1
| #define HAVE_LIMITS_H 1
| #define HAVE_LOCALE_H 1
| #define HAVE_LIBINTL_H 1
| #define HAVE_MCHECK_H 1
| #define HAVE_NETDB_H 1
| #define HAVE_NETINET_IN_H 1
| #define HAVE_STDARG_H 1
| #define HAVE_STDDEF_H 1
| #define HAVE_STRING_H 1
| #define HAVE_SYS_PARAM_H 1
| #define HAVE_SYS_SOCKET_H 1
| #define HAVE_SYS_TIME_H 1
| #define HAVE_UNISTD_H 1
| #define HAVE_TERMIOS_H 1
| #define HAVE_STROPTS_H 1
| #define HAVE_WCHAR_H 1
| #define HAVE_WCTYPE_H 1
| #define HAVE_MEMORY_H 1
| #define RETSIGTYPE void
| #define GETGROUPS_T gid_t
| #define HAVE_LONG_LONG_INT 1
| #define HAVE_LONG_LONG 1
| #define HAVE_UNSIGNED_LONG_LONG_INT 1
| #define HAVE_UNSIGNED_LONG_LONG 1
| #define HAVE_INTTYPES_H_WITH_UINTMAX 1
| #define HAVE_STDINT_H_WITH_UINTMAX 1
| #define HAVE_INTMAX_T 1
| #define HAVE_UINTMAX_T 1
| /* end confdefs.h.  */
| #include <stdio.h>
| #ifdef HAVE_SYS_TYPES_H
| # include <sys/types.h>
| #endif
| #ifdef HAVE_SYS_STAT_H
| # include <sys/stat.h>
| #endif
| #ifdef STDC_HEADERS
| # include <stdlib.h>
| # include <stddef.h>
| #else
| # ifdef HAVE_STDLIB_H
| #  include <stdlib.h>
| # endif
| #endif
| #ifdef HAVE_STRING_H
| # if !defined STDC_HEADERS && defined HAVE_MEMORY_H
| #  include <memory.h>
| # endif
| # include <string.h>
| #endif
| #ifdef HAVE_STRINGS_H
| # include <strings.h>
| #endif
| #ifdef HAVE_INTTYPES_H
| # include <inttypes.h>
| #endif
| #ifdef HAVE_STDINT_H
| # include <stdint.h>
| #endif
| #ifdef HAVE_UNISTD_H
| # include <unistd.h>
| #endif
| int
| main ()
| {
| if (sizeof ((ssize_t)))
| 	    return 0;
|   ;
|   return 0;
| }
configure:8526: result: yes
configure:8541: checking size of unsigned int
configure:8546: gcc -o conftest -m32 -march=i686 -Os -fomit-frame-pointer   conftest.c  >&5
configure:8546: $? = 0
configure:8546: ./conftest
configure:8546: $? = 0
configure:8561: result: 4
configure:8575: checking size of unsigned long
configure:8580: gcc -o conftest -m32 -march=i686 -Os -fomit-frame-pointer   conftest.c  >&5
configure:8580: $? = 0
configure:8580: ./conftest
configure:8580: $? = 0
configure:8595: result: 4
configure:8635: gcc -c -m32 -march=i686 -Os -fomit-frame-pointer  conftest.c >&5
configure:8635: $? = 0
configure:8655: gcc -c -m32 -march=i686 -Os -fomit-frame-pointer  conftest.c >&5
configure:8655: $? = 0
configure:8675: gcc -c -m32 -march=i686 -Os -fomit-frame-pointer  conftest.c >&5
configure:8675: $? = 0
configure:8695: gcc -c -m32 -march=i686 -Os -fomit-frame-pointer  conftest.c >&5
configure:8695: $? = 0
configure:8707: checking for socklen_t
configure:8707: gcc -c -m32 -march=i686 -Os -fomit-frame-pointer  conftest.c >&5
configure:8707: $? = 0
configure:8707: gcc -c -m32 -march=i686 -Os -fomit-frame-pointer  conftest.c >&5
conftest.c: In function 'main':
conftest.c:78: error: expected expression before ')' token
configure:8707: $? = 1
configure: failed program was:
| /* confdefs.h */
| #define PACKAGE_NAME "GNU Awk"
| #define PACKAGE_TARNAME "gawk"
| #define PACKAGE_VERSION "3.1.8"
| #define PACKAGE_STRING "GNU Awk 3.1.8"
| #define PACKAGE_BUGREPORT "bug-gawk@gnu.org"
| #define PACKAGE_URL "http://www.gnu.org/software/gawk/"
| #define PACKAGE "gawk"
| #define VERSION "3.1.8"
| #define NO_LINT 1
| #define STDC_HEADERS 1
| #define HAVE_SYS_TYPES_H 1
| #define HAVE_SYS_STAT_H 1
| #define HAVE_STDLIB_H 1
| #define HAVE_STRING_H 1
| #define HAVE_MEMORY_H 1
| #define HAVE_STRINGS_H 1
| #define HAVE_INTTYPES_H 1
| #define HAVE_STDINT_H 1
| #define HAVE_UNISTD_H 1
| #define __EXTENSIONS__ 1
| #define _ALL_SOURCE 1
| #define _GNU_SOURCE 1
| #define _POSIX_PTHREAD_SEMANTICS 1
| #define _TANDEM_SOURCE 1
| #define PROTOTYPES 1
| #define __PROTOTYPES 1
| #define HAVE_STRING_H 1
| #define HAVE_LANGINFO_CODESET 1
| #define HAVE_LC_MESSAGES 1
| #define STDC_HEADERS 1
| #define HAVE_SYS_WAIT_H 1
| #define TIME_WITH_SYS_TIME 1
| #define HAVE_ARPA_INET_H 1
| #define HAVE_FCNTL_H 1
| #define HAVE_LIMITS_H 1
| #define HAVE_LOCALE_H 1
| #define HAVE_LIBINTL_H 1
| #define HAVE_MCHECK_H 1
| #define HAVE_NETDB_H 1
| #define HAVE_NETINET_IN_H 1
| #define HAVE_STDARG_H 1
| #define HAVE_STDDEF_H 1
| #define HAVE_STRING_H 1
| #define HAVE_SYS_PARAM_H 1
| #define HAVE_SYS_SOCKET_H 1
| #define HAVE_SYS_TIME_H 1
| #define HAVE_UNISTD_H 1
| #define HAVE_TERMIOS_H 1
| #define HAVE_STROPTS_H 1
| #define HAVE_WCHAR_H 1
| #define HAVE_WCTYPE_H 1
| #define HAVE_MEMORY_H 1
| #define RETSIGTYPE void
| #define GETGROUPS_T gid_t
| #define HAVE_LONG_LONG_INT 1
| #define HAVE_LONG_LONG 1
| #define HAVE_UNSIGNED_LONG_LONG_INT 1
| #define HAVE_UNSIGNED_LONG_LONG 1
| #define HAVE_INTTYPES_H_WITH_UINTMAX 1
| #define HAVE_STDINT_H_WITH_UINTMAX 1
| #define HAVE_INTMAX_T 1
| #define HAVE_UINTMAX_T 1
| #define SIZEOF_UNSIGNED_INT 4
| #define SIZEOF_UNSIGNED_LONG 4
| #define SPRINTF_RET int
| #define TIME_T_IN_SYS_TYPES_H 1
| #define HAVE_WCTYPE_T 1
| #define HAVE_WINT_T 1
| #define HAVE_SOCKADDR_STORAGE 1
| /* end confdefs.h.  */
| #include <sys/types.h>
| #include <sys/socket.h>
| 
| int
| main ()
| {
| if (sizeof ((socklen_t)))
| 	    return 0;
|   ;
|   return 0;
| }
configure:8707: result: yes
configure:8773: checking for vprintf
configure:8773: gcc -o conftest -m32 -march=i686 -Os -fomit-frame-pointer   conftest.c  >&5
conftest.c:95: warning: conflicting types for built-in function 'vprintf'
configure:8773: $? = 0
configure:8773: result: yes
configure:8779: checking for _doprnt
configure:8779: gcc -o conftest -m32 -march=i686 -Os -fomit-frame-pointer   conftest.c  >&5
/tmp/.private//1000/ccpExiag.o: In function `main':
conftest.c:(.text+0x12): undefined reference to `_doprnt'
collect2: ld returned 1 exit status
configure:8779: $? = 1
configure: failed program was:
| /* confdefs.h */
| #define PACKAGE_NAME "GNU Awk"
| #define PACKAGE_TARNAME "gawk"
| #define PACKAGE_VERSION "3.1.8"
| #define PACKAGE_STRING "GNU Awk 3.1.8"
| #define PACKAGE_BUGREPORT "bug-gawk@gnu.org"
| #define PACKAGE_URL "http://www.gnu.org/software/gawk/"
| #define PACKAGE "gawk"
| #define VERSION "3.1.8"
| #define NO_LINT 1
| #define STDC_HEADERS 1
| #define HAVE_SYS_TYPES_H 1
| #define HAVE_SYS_STAT_H 1
| #define HAVE_STDLIB_H 1
| #define HAVE_STRING_H 1
| #define HAVE_MEMORY_H 1
| #define HAVE_STRINGS_H 1
| #define HAVE_INTTYPES_H 1
| #define HAVE_STDINT_H 1
| #define HAVE_UNISTD_H 1
| #define __EXTENSIONS__ 1
| #define _ALL_SOURCE 1
| #define _GNU_SOURCE 1
| #define _POSIX_PTHREAD_SEMANTICS 1
| #define _TANDEM_SOURCE 1
| #define PROTOTYPES 1
| #define __PROTOTYPES 1
| #define HAVE_STRING_H 1
| #define HAVE_LANGINFO_CODESET 1
| #define HAVE_LC_MESSAGES 1
| #define STDC_HEADERS 1
| #define HAVE_SYS_WAIT_H 1
| #define TIME_WITH_SYS_TIME 1
| #define HAVE_ARPA_INET_H 1
| #define HAVE_FCNTL_H 1
| #define HAVE_LIMITS_H 1
| #define HAVE_LOCALE_H 1
| #define HAVE_LIBINTL_H 1
| #define HAVE_MCHECK_H 1
| #define HAVE_NETDB_H 1
| #define HAVE_NETINET_IN_H 1
| #define HAVE_STDARG_H 1
| #define HAVE_STDDEF_H 1
| #define HAVE_STRING_H 1
| #define HAVE_SYS_PARAM_H 1
| #define HAVE_SYS_SOCKET_H 1
| #define HAVE_SYS_TIME_H 1
| #define HAVE_UNISTD_H 1
| #define HAVE_TERMIOS_H 1
| #define HAVE_STROPTS_H 1
| #define HAVE_WCHAR_H 1
| #define HAVE_WCTYPE_H 1
| #define HAVE_MEMORY_H 1
| #define RETSIGTYPE void
| #define GETGROUPS_T gid_t
| #define HAVE_LONG_LONG_INT 1
| #define HAVE_LONG_LONG 1
| #define HAVE_UNSIGNED_LONG_LONG_INT 1
| #define HAVE_UNSIGNED_LONG_LONG 1
| #define HAVE_INTTYPES_H_WITH_UINTMAX 1
| #define HAVE_STDINT_H_WITH_UINTMAX 1
| #define HAVE_INTMAX_T 1
| #define HAVE_UINTMAX_T 1
| #define SIZEOF_UNSIGNED_INT 4
| #define SIZEOF_UNSIGNED_LONG 4
| #define SPRINTF_RET int
| #define TIME_T_IN_SYS_TYPES_H 1
| #define HAVE_WCTYPE_T 1
| #define HAVE_WINT_T 1
| #define HAVE_SOCKADDR_STORAGE 1
| #define HAVE_VPRINTF 1
| /* end confdefs.h.  */
| /* Define _doprnt to an innocuous variant, in case <limits.h> declares _doprnt.
|    For example, HP-UX 11i <limits.h> declares gettimeofday.  */
| #define _doprnt innocuous__doprnt
| 
| /* System header to define __stub macros and hopefully few prototypes,
|     which can conflict with char _doprnt (); below.
|     Prefer <limits.h> to <assert.h> if __STDC__ is defined, since
|     <limits.h> exists even on freestanding compilers.  */
| 
| #ifdef __STDC__
| # include <limits.h>
| #else
| # include <assert.h>
| #endif
| 
| #undef _doprnt
| 
| /* Override any GCC internal prototype to avoid an error.
|    Use char because int might match the return type of a GCC
|    builtin and then its argument prototype would still apply.  */
| #ifdef __cplusplus
| extern "C"
| #endif
| char _doprnt ();
| /* The GNU C library defines this for functions which it implements
|     to always fail with ENOSYS.  Some functions are actually named
|     something starting with __ and the normal name is an alias.  */
| #if defined __stub__doprnt || defined __stub____doprnt
| choke me
| #endif
| 
| int
| main ()
| {
| return _doprnt ();
|   ;
|   return 0;
| }
configure:8779: result: no
configure:8796: checking for sys/time.h
configure:8796: result: yes
configure:8796: checking for unistd.h
configure:8796: result: yes
configure:8818: checking for alarm
configure:8818: gcc -o conftest -m32 -march=i686 -Os -fomit-frame-pointer   conftest.c  >&5
configure:8818: $? = 0
configure:8818: result: yes
configure:8832: checking for working mktime
configure:9037: gcc -o conftest -m32 -march=i686 -Os -fomit-frame-pointer   conftest.c  >&5
configure:9037: $? = 0
configure:9037: ./conftest
configure:9037: $? = 0
configure:9047: result: yes
configure:9065: checking for getaddrinfo
configure:9065: gcc -o conftest -m32 -march=i686 -Os -fomit-frame-pointer   conftest.c  >&5
configure:9065: $? = 0
configure:9065: result: yes
configure:9116: checking for fmod in -lm
configure:9141: gcc -o conftest -m32 -march=i686 -Os -fomit-frame-pointer   conftest.c -lm   >&5
conftest.c:85: warning: conflicting types for built-in function 'fmod'
configure:9141: $? = 0
configure:9150: result: yes
configure:9161: checking for isinf in -lm
configure:9186: gcc -o conftest -m32 -march=i686 -Os -fomit-frame-pointer   conftest.c -lm  -lm  >&5
conftest.c:86: warning: conflicting types for built-in function 'isinf'
configure:9186: $? = 0
configure:9195: result: yes
configure:9206: checking for ismod in -lm
configure:9231: gcc -o conftest -m32 -march=i686 -Os -fomit-frame-pointer   conftest.c -lm  -lm -lm  >&5
/tmp/.private//1000/ccBbYEUQ.o: In function `main':
conftest.c:(.text+0x12): undefined reference to `ismod'
collect2: ld returned 1 exit status
configure:9231: $? = 1
configure: failed program was:
| /* confdefs.h */
| #define PACKAGE_NAME "GNU Awk"
| #define PACKAGE_TARNAME "gawk"
| #define PACKAGE_VERSION "3.1.8"
| #define PACKAGE_STRING "GNU Awk 3.1.8"
| #define PACKAGE_BUGREPORT "bug-gawk@gnu.org"
| #define PACKAGE_URL "http://www.gnu.org/software/gawk/"
| #define PACKAGE "gawk"
| #define VERSION "3.1.8"
| #define NO_LINT 1
| #define STDC_HEADERS 1
| #define HAVE_SYS_TYPES_H 1
| #define HAVE_SYS_STAT_H 1
| #define HAVE_STDLIB_H 1
| #define HAVE_STRING_H 1
| #define HAVE_MEMORY_H 1
| #define HAVE_STRINGS_H 1
| #define HAVE_INTTYPES_H 1
| #define HAVE_STDINT_H 1
| #define HAVE_UNISTD_H 1
| #define __EXTENSIONS__ 1
| #define _ALL_SOURCE 1
| #define _GNU_SOURCE 1
| #define _POSIX_PTHREAD_SEMANTICS 1
| #define _TANDEM_SOURCE 1
| #define PROTOTYPES 1
| #define __PROTOTYPES 1
| #define HAVE_STRING_H 1
| #define HAVE_LANGINFO_CODESET 1
| #define HAVE_LC_MESSAGES 1
| #define STDC_HEADERS 1
| #define HAVE_SYS_WAIT_H 1
| #define TIME_WITH_SYS_TIME 1
| #define HAVE_ARPA_INET_H 1
| #define HAVE_FCNTL_H 1
| #define HAVE_LIMITS_H 1
| #define HAVE_LOCALE_H 1
| #define HAVE_LIBINTL_H 1
| #define HAVE_MCHECK_H 1
| #define HAVE_NETDB_H 1
| #define HAVE_NETINET_IN_H 1
| #define HAVE_STDARG_H 1
| #define HAVE_STDDEF_H 1
| #define HAVE_STRING_H 1
| #define HAVE_SYS_PARAM_H 1
| #define HAVE_SYS_SOCKET_H 1
| #define HAVE_SYS_TIME_H 1
| #define HAVE_UNISTD_H 1
| #define HAVE_TERMIOS_H 1
| #define HAVE_STROPTS_H 1
| #define HAVE_WCHAR_H 1
| #define HAVE_WCTYPE_H 1
| #define HAVE_MEMORY_H 1
| #define RETSIGTYPE void
| #define GETGROUPS_T gid_t
| #define HAVE_LONG_LONG_INT 1
| #define HAVE_LONG_LONG 1
| #define HAVE_UNSIGNED_LONG_LONG_INT 1
| #define HAVE_UNSIGNED_LONG_LONG 1
| #define HAVE_INTTYPES_H_WITH_UINTMAX 1
| #define HAVE_STDINT_H_WITH_UINTMAX 1
| #define HAVE_INTMAX_T 1
| #define HAVE_UINTMAX_T 1
| #define SIZEOF_UNSIGNED_INT 4
| #define SIZEOF_UNSIGNED_LONG 4
| #define SPRINTF_RET int
| #define TIME_T_IN_SYS_TYPES_H 1
| #define HAVE_WCTYPE_T 1
| #define HAVE_WINT_T 1
| #define HAVE_SOCKADDR_STORAGE 1
| #define HAVE_VPRINTF 1
| #define HAVE_SYS_TIME_H 1
| #define HAVE_UNISTD_H 1
| #define HAVE_ALARM 1
| #define HAVE_MKTIME 1
| #define HAVE_GETADDRINFO 1
| #define HAVE_LIBM 1
| #define HAVE_LIBM 1
| /* end confdefs.h.  */
| 
| /* Override any GCC internal prototype to avoid an error.
|    Use char because int might match the return type of a GCC
|    builtin and then its argument prototype would still apply.  */
| #ifdef __cplusplus
| extern "C"
| #endif
| char ismod ();
| int
| main ()
| {
| return ismod ();
|   ;
|   return 0;
| }
configure:9240: result: no
configure:9722: checking for libsigsegv
configure:9741: gcc -o conftest -m32 -march=i686 -Os -fomit-frame-pointer   conftest.c -lm -lm  -lsigsegv >&5
conftest.c:80:21: error: sigsegv.h: No such file or directory
configure:9741: $? = 1
configure: failed program was:
| /* confdefs.h */
| #define PACKAGE_NAME "GNU Awk"
| #define PACKAGE_TARNAME "gawk"
| #define PACKAGE_VERSION "3.1.8"
| #define PACKAGE_STRING "GNU Awk 3.1.8"
| #define PACKAGE_BUGREPORT "bug-gawk@gnu.org"
| #define PACKAGE_URL "http://www.gnu.org/software/gawk/"
| #define PACKAGE "gawk"
| #define VERSION "3.1.8"
| #define NO_LINT 1
| #define STDC_HEADERS 1
| #define HAVE_SYS_TYPES_H 1
| #define HAVE_SYS_STAT_H 1
| #define HAVE_STDLIB_H 1
| #define HAVE_STRING_H 1
| #define HAVE_MEMORY_H 1
| #define HAVE_STRINGS_H 1
| #define HAVE_INTTYPES_H 1
| #define HAVE_STDINT_H 1
| #define HAVE_UNISTD_H 1
| #define __EXTENSIONS__ 1
| #define _ALL_SOURCE 1
| #define _GNU_SOURCE 1
| #define _POSIX_PTHREAD_SEMANTICS 1
| #define _TANDEM_SOURCE 1
| #define PROTOTYPES 1
| #define __PROTOTYPES 1
| #define HAVE_STRING_H 1
| #define HAVE_LANGINFO_CODESET 1
| #define HAVE_LC_MESSAGES 1
| #define STDC_HEADERS 1
| #define HAVE_SYS_WAIT_H 1
| #define TIME_WITH_SYS_TIME 1
| #define HAVE_ARPA_INET_H 1
| #define HAVE_FCNTL_H 1
| #define HAVE_LIMITS_H 1
| #define HAVE_LOCALE_H 1
| #define HAVE_LIBINTL_H 1
| #define HAVE_MCHECK_H 1
| #define HAVE_NETDB_H 1
| #define HAVE_NETINET_IN_H 1
| #define HAVE_STDARG_H 1
| #define HAVE_STDDEF_H 1
| #define HAVE_STRING_H 1
| #define HAVE_SYS_PARAM_H 1
| #define HAVE_SYS_SOCKET_H 1
| #define HAVE_SYS_TIME_H 1
| #define HAVE_UNISTD_H 1
| #define HAVE_TERMIOS_H 1
| #define HAVE_STROPTS_H 1
| #define HAVE_WCHAR_H 1
| #define HAVE_WCTYPE_H 1
| #define HAVE_MEMORY_H 1
| #define RETSIGTYPE void
| #define GETGROUPS_T gid_t
| #define HAVE_LONG_LONG_INT 1
| #define HAVE_LONG_LONG 1
| #define HAVE_UNSIGNED_LONG_LONG_INT 1
| #define HAVE_UNSIGNED_LONG_LONG 1
| #define HAVE_INTTYPES_H_WITH_UINTMAX 1
| #define HAVE_STDINT_H_WITH_UINTMAX 1
| #define HAVE_INTMAX_T 1
| #define HAVE_UINTMAX_T 1
| #define SIZEOF_UNSIGNED_INT 4
| #define SIZEOF_UNSIGNED_LONG 4
| #define SPRINTF_RET int
| #define TIME_T_IN_SYS_TYPES_H 1
| #define HAVE_WCTYPE_T 1
| #define HAVE_WINT_T 1
| #define HAVE_SOCKADDR_STORAGE 1
| #define HAVE_VPRINTF 1
| #define HAVE_SYS_TIME_H 1
| #define HAVE_UNISTD_H 1
| #define HAVE_ALARM 1
| #define HAVE_MKTIME 1
| #define HAVE_GETADDRINFO 1
| #define HAVE_LIBM 1
| #define HAVE_LIBM 1
| /* end confdefs.h.  */
| #include <sigsegv.h>
| int
| main ()
| {
| sigsegv_deinstall_handler();
|   ;
|   return 0;
| }
configure:9751: result: no
configure:9791: checking for atexit
configure:9791: gcc -o conftest -m32 -march=i686 -Os -fomit-frame-pointer   conftest.c -lm -lm  >&5
configure:9791: $? = 0
configure:9791: result: yes
configure:9791: checking for btowc
configure:9791: gcc -o conftest -m32 -march=i686 -Os -fomit-frame-pointer   conftest.c -lm -lm  >&5
configure:9791: $? = 0
configure:9791: result: yes
configure:9791: checking for fmod
configure:9791: gcc -o conftest -m32 -march=i686 -Os -fomit-frame-pointer   conftest.c -lm -lm  >&5
conftest.c:105: warning: conflicting types for built-in function 'fmod'
configure:9791: $? = 0
configure:9791: result: yes
configure:9791: checking for getgrent
configure:9791: gcc -o conftest -m32 -march=i686 -Os -fomit-frame-pointer   conftest.c -lm -lm  >&5
configure:9791: $? = 0
configure:9791: result: yes
configure:9791: checking for getgroups
configure:9791: gcc -o conftest -m32 -march=i686 -Os -fomit-frame-pointer   conftest.c -lm -lm  >&5
configure:9791: $? = 0
configure:9791: result: yes
configure:9791: checking for grantpt
configure:9791: gcc -o conftest -m32 -march=i686 -Os -fomit-frame-pointer   conftest.c -lm -lm  >&5
configure:9791: $? = 0
configure:9791: result: yes
configure:9791: checking for isascii
configure:9791: gcc -o conftest -m32 -march=i686 -Os -fomit-frame-pointer   conftest.c -lm -lm  >&5
conftest.c:109: warning: conflicting types for built-in function 'isascii'
configure:9791: $? = 0
configure:9791: result: yes
configure:9791: checking for iswctype
configure:9791: gcc -o conftest -m32 -march=i686 -Os -fomit-frame-pointer   conftest.c -lm -lm  >&5
configure:9791: $? = 0
configure:9791: result: yes
configure:9791: checking for iswlower
configure:9791: gcc -o conftest -m32 -march=i686 -Os -fomit-frame-pointer   conftest.c -lm -lm  >&5
conftest.c:111: warning: conflicting types for built-in function 'iswlower'
configure:9791: $? = 0
configure:9791: result: yes
configure:9791: checking for iswupper
configure:9791: gcc -o conftest -m32 -march=i686 -Os -fomit-frame-pointer   conftest.c -lm -lm  >&5
conftest.c:112: warning: conflicting types for built-in function 'iswupper'
configure:9791: $? = 0
configure:9791: result: yes
configure:9791: checking for mbrlen
configure:9791: gcc -o conftest -m32 -march=i686 -Os -fomit-frame-pointer   conftest.c -lm -lm  >&5
configure:9791: $? = 0
configure:9791: result: yes
configure:9791: checking for memcmp
configure:9791: gcc -o conftest -m32 -march=i686 -Os -fomit-frame-pointer   conftest.c -lm -lm  >&5
conftest.c:114: warning: conflicting types for built-in function 'memcmp'
configure:9791: $? = 0
configure:9791: result: yes
configure:9791: checking for memcpy
configure:9791: gcc -o conftest -m32 -march=i686 -Os -fomit-frame-pointer   conftest.c -lm -lm  >&5
conftest.c:115: warning: conflicting types for built-in function 'memcpy'
configure:9791: $? = 0
configure:9791: result: yes
configure:9791: checking for memcpy_ulong
configure:9791: gcc -o conftest -m32 -march=i686 -Os -fomit-frame-pointer   conftest.c -lm -lm  >&5
/tmp/.private//1000/ccNfTnn5.o: In function `main':
conftest.c:(.text+0x12): undefined reference to `memcpy_ulong'
collect2: ld returned 1 exit status
configure:9791: $? = 1
configure: failed program was:
| /* confdefs.h */
| #define PACKAGE_NAME "GNU Awk"
| #define PACKAGE_TARNAME "gawk"
| #define PACKAGE_VERSION "3.1.8"
| #define PACKAGE_STRING "GNU Awk 3.1.8"
| #define PACKAGE_BUGREPORT "bug-gawk@gnu.org"
| #define PACKAGE_URL "http://www.gnu.org/software/gawk/"
| #define PACKAGE "gawk"
| #define VERSION "3.1.8"
| #define NO_LINT 1
| #define STDC_HEADERS 1
| #define HAVE_SYS_TYPES_H 1
| #define HAVE_SYS_STAT_H 1
| #define HAVE_STDLIB_H 1
| #define HAVE_STRING_H 1
| #define HAVE_MEMORY_H 1
| #define HAVE_STRINGS_H 1
| #define HAVE_INTTYPES_H 1
| #define HAVE_STDINT_H 1
| #define HAVE_UNISTD_H 1
| #define __EXTENSIONS__ 1
| #define _ALL_SOURCE 1
| #define _GNU_SOURCE 1
| #define _POSIX_PTHREAD_SEMANTICS 1
| #define _TANDEM_SOURCE 1
| #define PROTOTYPES 1
| #define __PROTOTYPES 1
| #define HAVE_STRING_H 1
| #define HAVE_LANGINFO_CODESET 1
| #define HAVE_LC_MESSAGES 1
| #define STDC_HEADERS 1
| #define HAVE_SYS_WAIT_H 1
| #define TIME_WITH_SYS_TIME 1
| #define HAVE_ARPA_INET_H 1
| #define HAVE_FCNTL_H 1
| #define HAVE_LIMITS_H 1
| #define HAVE_LOCALE_H 1
| #define HAVE_LIBINTL_H 1
| #define HAVE_MCHECK_H 1
| #define HAVE_NETDB_H 1
| #define HAVE_NETINET_IN_H 1
| #define HAVE_STDARG_H 1
| #define HAVE_STDDEF_H 1
| #define HAVE_STRING_H 1
| #define HAVE_SYS_PARAM_H 1
| #define HAVE_SYS_SOCKET_H 1
| #define HAVE_SYS_TIME_H 1
| #define HAVE_UNISTD_H 1
| #define HAVE_TERMIOS_H 1
| #define HAVE_STROPTS_H 1
| #define HAVE_WCHAR_H 1
| #define HAVE_WCTYPE_H 1
| #define HAVE_MEMORY_H 1
| #define RETSIGTYPE void
| #define GETGROUPS_T gid_t
| #define HAVE_LONG_LONG_INT 1
| #define HAVE_LONG_LONG 1
| #define HAVE_UNSIGNED_LONG_LONG_INT 1
| #define HAVE_UNSIGNED_LONG_LONG 1
| #define HAVE_INTTYPES_H_WITH_UINTMAX 1
| #define HAVE_STDINT_H_WITH_UINTMAX 1
| #define HAVE_INTMAX_T 1
| #define HAVE_UINTMAX_T 1
| #define SIZEOF_UNSIGNED_INT 4
| #define SIZEOF_UNSIGNED_LONG 4
| #define SPRINTF_RET int
| #define TIME_T_IN_SYS_TYPES_H 1
| #define HAVE_WCTYPE_T 1
| #define HAVE_WINT_T 1
| #define HAVE_SOCKADDR_STORAGE 1
| #define HAVE_VPRINTF 1
| #define HAVE_SYS_TIME_H 1
| #define HAVE_UNISTD_H 1
| #define HAVE_ALARM 1
| #define HAVE_MKTIME 1
| #define HAVE_GETADDRINFO 1
| #define HAVE_LIBM 1
| #define HAVE_LIBM 1
| #define HAVE_ATEXIT 1
| #define HAVE_BTOWC 1
| #define HAVE_FMOD 1
| #define HAVE_GETGRENT 1
| #define HAVE_GETGROUPS 1
| #define HAVE_GRANTPT 1
| #define HAVE_ISASCII 1
| #define HAVE_ISWCTYPE 1
| #define HAVE_ISWLOWER 1
| #define HAVE_ISWUPPER 1
| #define HAVE_MBRLEN 1
| #define HAVE_MEMCMP 1
| #define HAVE_MEMCPY 1
| /* end confdefs.h.  */
| /* Define memcpy_ulong to an innocuous variant, in case <limits.h> declares memcpy_ulong.
|    For example, HP-UX 11i <limits.h> declares gettimeofday.  */
| #define memcpy_ulong innocuous_memcpy_ulong
| 
| /* System header to define __stub macros and hopefully few prototypes,
|     which can conflict with char memcpy_ulong (); below.
|     Prefer <limits.h> to <assert.h> if __STDC__ is defined, since
|     <limits.h> exists even on freestanding compilers.  */
| 
| #ifdef __STDC__
| # include <limits.h>
| #else
| # include <assert.h>
| #endif
| 
| #undef memcpy_ulong
| 
| /* Override any GCC internal prototype to avoid an error.
|    Use char because int might match the return type of a GCC
|    builtin and then its argument prototype would still apply.  */
| #ifdef __cplusplus
| extern "C"
| #endif
| char memcpy_ulong ();
| /* The GNU C library defines this for functions which it implements
|     to always fail with ENOSYS.  Some functions are actually named
|     something starting with __ and the normal name is an alias.  */
| #if defined __stub_memcpy_ulong || defined __stub___memcpy_ulong
| choke me
| #endif
| 
| int
| main ()
| {
| return memcpy_ulong ();
|   ;
|   return 0;
| }
configure:9791: result: no
configure:9791: checking for memmove
configure:9791: gcc -o conftest -m32 -march=i686 -Os -fomit-frame-pointer   conftest.c -lm -lm  >&5
conftest.c:116: warning: conflicting types for built-in function 'memmove'
configure:9791: $? = 0
configure:9791: result: yes
configure:9791: checking for memset
configure:9791: gcc -o conftest -m32 -march=i686 -Os -fomit-frame-pointer   conftest.c -lm -lm  >&5
conftest.c:117: warning: conflicting types for built-in function 'memset'
configure:9791: $? = 0
configure:9791: result: yes
configure:9791: checking for memset_ulong
configure:9791: gcc -o conftest -m32 -march=i686 -Os -fomit-frame-pointer   conftest.c -lm -lm  >&5
/tmp/.private//1000/ccJNFSDp.o: In function `main':
conftest.c:(.text+0x12): undefined reference to `memset_ulong'
collect2: ld returned 1 exit status
configure:9791: $? = 1
configure: failed program was:
| /* confdefs.h */
| #define PACKAGE_NAME "GNU Awk"
| #define PACKAGE_TARNAME "gawk"
| #define PACKAGE_VERSION "3.1.8"
| #define PACKAGE_STRING "GNU Awk 3.1.8"
| #define PACKAGE_BUGREPORT "bug-gawk@gnu.org"
| #define PACKAGE_URL "http://www.gnu.org/software/gawk/"
| #define PACKAGE "gawk"
| #define VERSION "3.1.8"
| #define NO_LINT 1
| #define STDC_HEADERS 1
| #define HAVE_SYS_TYPES_H 1
| #define HAVE_SYS_STAT_H 1
| #define HAVE_STDLIB_H 1
| #define HAVE_STRING_H 1
| #define HAVE_MEMORY_H 1
| #define HAVE_STRINGS_H 1
| #define HAVE_INTTYPES_H 1
| #define HAVE_STDINT_H 1
| #define HAVE_UNISTD_H 1
| #define __EXTENSIONS__ 1
| #define _ALL_SOURCE 1
| #define _GNU_SOURCE 1
| #define _POSIX_PTHREAD_SEMANTICS 1
| #define _TANDEM_SOURCE 1
| #define PROTOTYPES 1
| #define __PROTOTYPES 1
| #define HAVE_STRING_H 1
| #define HAVE_LANGINFO_CODESET 1
| #define HAVE_LC_MESSAGES 1
| #define STDC_HEADERS 1
| #define HAVE_SYS_WAIT_H 1
| #define TIME_WITH_SYS_TIME 1
| #define HAVE_ARPA_INET_H 1
| #define HAVE_FCNTL_H 1
| #define HAVE_LIMITS_H 1
| #define HAVE_LOCALE_H 1
| #define HAVE_LIBINTL_H 1
| #define HAVE_MCHECK_H 1
| #define HAVE_NETDB_H 1
| #define HAVE_NETINET_IN_H 1
| #define HAVE_STDARG_H 1
| #define HAVE_STDDEF_H 1
| #define HAVE_STRING_H 1
| #define HAVE_SYS_PARAM_H 1
| #define HAVE_SYS_SOCKET_H 1
| #define HAVE_SYS_TIME_H 1
| #define HAVE_UNISTD_H 1
| #define HAVE_TERMIOS_H 1
| #define HAVE_STROPTS_H 1
| #define HAVE_WCHAR_H 1
| #define HAVE_WCTYPE_H 1
| #define HAVE_MEMORY_H 1
| #define RETSIGTYPE void
| #define GETGROUPS_T gid_t
| #define HAVE_LONG_LONG_INT 1
| #define HAVE_LONG_LONG 1
| #define HAVE_UNSIGNED_LONG_LONG_INT 1
| #define HAVE_UNSIGNED_LONG_LONG 1
| #define HAVE_INTTYPES_H_WITH_UINTMAX 1
| #define HAVE_STDINT_H_WITH_UINTMAX 1
| #define HAVE_INTMAX_T 1
| #define HAVE_UINTMAX_T 1
| #define SIZEOF_UNSIGNED_INT 4
| #define SIZEOF_UNSIGNED_LONG 4
| #define SPRINTF_RET int
| #define TIME_T_IN_SYS_TYPES_H 1
| #define HAVE_WCTYPE_T 1
| #define HAVE_WINT_T 1
| #define HAVE_SOCKADDR_STORAGE 1
| #define HAVE_VPRINTF 1
| #define HAVE_SYS_TIME_H 1
| #define HAVE_UNISTD_H 1
| #define HAVE_ALARM 1
| #define HAVE_MKTIME 1
| #define HAVE_GETADDRINFO 1
| #define HAVE_LIBM 1
| #define HAVE_LIBM 1
| #define HAVE_ATEXIT 1
| #define HAVE_BTOWC 1
| #define HAVE_FMOD 1
| #define HAVE_GETGRENT 1
| #define HAVE_GETGROUPS 1
| #define HAVE_GRANTPT 1
| #define HAVE_ISASCII 1
| #define HAVE_ISWCTYPE 1
| #define HAVE_ISWLOWER 1
| #define HAVE_ISWUPPER 1
| #define HAVE_MBRLEN 1
| #define HAVE_MEMCMP 1
| #define HAVE_MEMCPY 1
| #define HAVE_MEMMOVE 1
| #define HAVE_MEMSET 1
| /* end confdefs.h.  */
| /* Define memset_ulong to an innocuous variant, in case <limits.h> declares memset_ulong.
|    For example, HP-UX 11i <limits.h> declares gettimeofday.  */
| #define memset_ulong innocuous_memset_ulong
| 
| /* System header to define __stub macros and hopefully few prototypes,
|     which can conflict with char memset_ulong (); below.
|     Prefer <limits.h> to <assert.h> if __STDC__ is defined, since
|     <limits.h> exists even on freestanding compilers.  */
| 
| #ifdef __STDC__
| # include <limits.h>
| #else
| # include <assert.h>
| #endif
| 
| #undef memset_ulong
| 
| /* Override any GCC internal prototype to avoid an error.
|    Use char because int might match the return type of a GCC
|    builtin and then its argument prototype would still apply.  */
| #ifdef __cplusplus
| extern "C"
| #endif
| char memset_ulong ();
| /* The GNU C library defines this for functions which it implements
|     to always fail with ENOSYS.  Some functions are actually named
|     something starting with __ and the normal name is an alias.  */
| #if defined __stub_memset_ulong || defined __stub___memset_ulong
| choke me
| #endif
| 
| int
| main ()
| {
| return memset_ulong ();
|   ;
|   return 0;
| }
configure:9791: result: no
configure:9791: checking for mkstemp
configure:9791: gcc -o conftest -m32 -march=i686 -Os -fomit-frame-pointer   conftest.c -lm -lm  >&5
configure:9791: $? = 0
configure:9791: result: yes
configure:9791: checking for setlocale
configure:9791: gcc -o conftest -m32 -march=i686 -Os -fomit-frame-pointer   conftest.c -lm -lm  >&5
configure:9791: $? = 0
configure:9791: result: yes
configure:9791: checking for snprintf
configure:9791: gcc -o conftest -m32 -march=i686 -Os -fomit-frame-pointer   conftest.c -lm -lm  >&5
conftest.c:120: warning: conflicting types for built-in function 'snprintf'
configure:9791: $? = 0
configure:9791: result: yes
configure:9791: checking for strchr
configure:9791: gcc -o conftest -m32 -march=i686 -Os -fomit-frame-pointer   conftest.c -lm -lm  >&5
conftest.c:121: warning: conflicting types for built-in function 'strchr'
configure:9791: $? = 0
configure:9791: result: yes
configure:9791: checking for strerror
configure:9791: gcc -o conftest -m32 -march=i686 -Os -fomit-frame-pointer   conftest.c -lm -lm  >&5
configure:9791: $? = 0
configure:9791: result: yes
configure:9791: checking for strftime
configure:9791: gcc -o conftest -m32 -march=i686 -Os -fomit-frame-pointer   conftest.c -lm -lm  >&5
conftest.c:123: warning: conflicting types for built-in function 'strftime'
configure:9791: $? = 0
configure:9791: result: yes
configure:9791: checking for strncasecmp
configure:9791: gcc -o conftest -m32 -march=i686 -Os -fomit-frame-pointer   conftest.c -lm -lm  >&5
conftest.c:124: warning: conflicting types for built-in function 'strncasecmp'
configure:9791: $? = 0
configure:9791: result: yes
configure:9791: checking for strtod
configure:9791: gcc -o conftest -m32 -march=i686 -Os -fomit-frame-pointer   conftest.c -lm -lm  >&5
configure:9791: $? = 0
configure:9791: result: yes
configure:9791: checking for strtoul
configure:9791: gcc -o conftest -m32 -march=i686 -Os -fomit-frame-pointer   conftest.c -lm -lm  >&5
configure:9791: $? = 0
configure:9791: result: yes
configure:9791: checking for system
configure:9791: gcc -o conftest -m32 -march=i686 -Os -fomit-frame-pointer   conftest.c -lm -lm  >&5
configure:9791: $? = 0
configure:9791: result: yes
configure:9791: checking for tmpfile
configure:9791: gcc -o conftest -m32 -march=i686 -Os -fomit-frame-pointer   conftest.c -lm -lm  >&5
configure:9791: $? = 0
configure:9791: result: yes
configure:9791: checking for towlower
configure:9791: gcc -o conftest -m32 -march=i686 -Os -fomit-frame-pointer   conftest.c -lm -lm  >&5
conftest.c:129: warning: conflicting types for built-in function 'towlower'
configure:9791: $? = 0
configure:9791: result: yes
configure:9791: checking for towupper
configure:9791: gcc -o conftest -m32 -march=i686 -Os -fomit-frame-pointer   conftest.c -lm -lm  >&5
conftest.c:130: warning: conflicting types for built-in function 'towupper'
configure:9791: $? = 0
configure:9791: result: yes
configure:9791: checking for tzset
configure:9791: gcc -o conftest -m32 -march=i686 -Os -fomit-frame-pointer   conftest.c -lm -lm  >&5
configure:9791: $? = 0
configure:9791: result: yes
configure:9791: checking for usleep
configure:9791: gcc -o conftest -m32 -march=i686 -Os -fomit-frame-pointer   conftest.c -lm -lm  >&5
configure:9791: $? = 0
configure:9791: result: yes
configure:9791: checking for wcrtomb
configure:9791: gcc -o conftest -m32 -march=i686 -Os -fomit-frame-pointer   conftest.c -lm -lm  >&5
configure:9791: $? = 0
configure:9791: result: yes
configure:9791: checking for wcscoll
configure:9791: gcc -o conftest -m32 -march=i686 -Os -fomit-frame-pointer   conftest.c -lm -lm  >&5
configure:9791: $? = 0
configure:9791: result: yes
configure:9791: checking for wcscoll
configure:9791: result: yes
configure:9791: checking for wctype
configure:9791: gcc -o conftest -m32 -march=i686 -Os -fomit-frame-pointer   conftest.c -lm -lm  >&5
configure:9791: $? = 0
configure:9791: result: yes
configure:9802: checking whether mbrtowc and mbstate_t are properly declared
configure:9822: gcc -o conftest -m32 -march=i686 -Os -fomit-frame-pointer   conftest.c -lm -lm  >&5
configure:9822: $? = 0
configure:9830: result: yes
configure:9839: checking dlfcn.h usability
configure:9839: gcc -c -m32 -march=i686 -Os -fomit-frame-pointer  conftest.c >&5
configure:9839: $? = 0
configure:9839: result: yes
configure:9839: checking dlfcn.h presence
configure:9839: gcc -E  conftest.c
configure:9839: $? = 0
configure:9839: result: yes
configure:9839: checking for dlfcn.h
configure:9839: result: yes
configure:9859: checking for library containing dlopen
configure:9890: gcc -o conftest -m32 -march=i686 -Os -fomit-frame-pointer   -export-dynamic conftest.c -lm -lm  >&5
/tmp/.private//1000/ccDGcIB7.o: In function `main':
conftest.c:(.text+0x12): undefined reference to `dlopen'
collect2: ld returned 1 exit status
configure:9890: $? = 1
configure: failed program was:
| /* confdefs.h */
| #define PACKAGE_NAME "GNU Awk"
| #define PACKAGE_TARNAME "gawk"
| #define PACKAGE_VERSION "3.1.8"
| #define PACKAGE_STRING "GNU Awk 3.1.8"
| #define PACKAGE_BUGREPORT "bug-gawk@gnu.org"
| #define PACKAGE_URL "http://www.gnu.org/software/gawk/"
| #define PACKAGE "gawk"
| #define VERSION "3.1.8"
| #define NO_LINT 1
| #define STDC_HEADERS 1
| #define HAVE_SYS_TYPES_H 1
| #define HAVE_SYS_STAT_H 1
| #define HAVE_STDLIB_H 1
| #define HAVE_STRING_H 1
| #define HAVE_MEMORY_H 1
| #define HAVE_STRINGS_H 1
| #define HAVE_INTTYPES_H 1
| #define HAVE_STDINT_H 1
| #define HAVE_UNISTD_H 1
| #define __EXTENSIONS__ 1
| #define _ALL_SOURCE 1
| #define _GNU_SOURCE 1
| #define _POSIX_PTHREAD_SEMANTICS 1
| #define _TANDEM_SOURCE 1
| #define PROTOTYPES 1
| #define __PROTOTYPES 1
| #define HAVE_STRING_H 1
| #define HAVE_LANGINFO_CODESET 1
| #define HAVE_LC_MESSAGES 1
| #define STDC_HEADERS 1
| #define HAVE_SYS_WAIT_H 1
| #define TIME_WITH_SYS_TIME 1
| #define HAVE_ARPA_INET_H 1
| #define HAVE_FCNTL_H 1
| #define HAVE_LIMITS_H 1
| #define HAVE_LOCALE_H 1
| #define HAVE_LIBINTL_H 1
| #define HAVE_MCHECK_H 1
| #define HAVE_NETDB_H 1
| #define HAVE_NETINET_IN_H 1
| #define HAVE_STDARG_H 1
| #define HAVE_STDDEF_H 1
| #define HAVE_STRING_H 1
| #define HAVE_SYS_PARAM_H 1
| #define HAVE_SYS_SOCKET_H 1
| #define HAVE_SYS_TIME_H 1
| #define HAVE_UNISTD_H 1
| #define HAVE_TERMIOS_H 1
| #define HAVE_STROPTS_H 1
| #define HAVE_WCHAR_H 1
| #define HAVE_WCTYPE_H 1
| #define HAVE_MEMORY_H 1
| #define RETSIGTYPE void
| #define GETGROUPS_T gid_t
| #define HAVE_LONG_LONG_INT 1
| #define HAVE_LONG_LONG 1
| #define HAVE_UNSIGNED_LONG_LONG_INT 1
| #define HAVE_UNSIGNED_LONG_LONG 1
| #define HAVE_INTTYPES_H_WITH_UINTMAX 1
| #define HAVE_STDINT_H_WITH_UINTMAX 1
| #define HAVE_INTMAX_T 1
| #define HAVE_UINTMAX_T 1
| #define SIZEOF_UNSIGNED_INT 4
| #define SIZEOF_UNSIGNED_LONG 4
| #define SPRINTF_RET int
| #define TIME_T_IN_SYS_TYPES_H 1
| #define HAVE_WCTYPE_T 1
| #define HAVE_WINT_T 1
| #define HAVE_SOCKADDR_STORAGE 1
| #define HAVE_VPRINTF 1
| #define HAVE_SYS_TIME_H 1
| #define HAVE_UNISTD_H 1
| #define HAVE_ALARM 1
| #define HAVE_MKTIME 1
| #define HAVE_GETADDRINFO 1
| #define HAVE_LIBM 1
| #define HAVE_LIBM 1
| #define HAVE_ATEXIT 1
| #define HAVE_BTOWC 1
| #define HAVE_FMOD 1
| #define HAVE_GETGRENT 1
| #define HAVE_GETGROUPS 1
| #define HAVE_GRANTPT 1
| #define HAVE_ISASCII 1
| #define HAVE_ISWCTYPE 1
| #define HAVE_ISWLOWER 1
| #define HAVE_ISWUPPER 1
| #define HAVE_MBRLEN 1
| #define HAVE_MEMCMP 1
| #define HAVE_MEMCPY 1
| #define HAVE_MEMMOVE 1
| #define HAVE_MEMSET 1
| #define HAVE_MKSTEMP 1
| #define HAVE_SETLOCALE 1
| #define HAVE_SNPRINTF 1
| #define HAVE_STRCHR 1
| #define HAVE_STRERROR 1
| #define HAVE_STRFTIME 1
| #define HAVE_STRNCASECMP 1
| #define HAVE_STRTOD 1
| #define HAVE_STRTOUL 1
| #define HAVE_SYSTEM 1
| #define HAVE_TMPFILE 1
| #define HAVE_TOWLOWER 1
| #define HAVE_TOWUPPER 1
| #define HAVE_TZSET 1
| #define HAVE_USLEEP 1
| #define HAVE_WCRTOMB 1
| #define HAVE_WCSCOLL 1
| #define HAVE_WCSCOLL 1
| #define HAVE_WCTYPE 1
| #define HAVE_MBRTOWC 1
| #define DYNAMIC 1
| /* end confdefs.h.  */
| 
| /* Override any GCC internal prototype to avoid an error.
|    Use char because int might match the return type of a GCC
|    builtin and then its argument prototype would still apply.  */
| #ifdef __cplusplus
| extern "C"
| #endif
| char dlopen ();
| int
| main ()
| {
| return dlopen ();
|   ;
|   return 0;
| }
configure:9890: gcc -o conftest -m32 -march=i686 -Os -fomit-frame-pointer   -export-dynamic conftest.c -ldl  -lm -lm  >&5
configure:9890: $? = 0
configure:9907: result: -ldl
configure:9926: checking whether getpgrp requires zero arguments
configure:9943: gcc -c -m32 -march=i686 -Os -fomit-frame-pointer  conftest.c >&5
conftest.c: In function 'main':
conftest.c:152: error: too many arguments to function 'getpgrp'
configure:9943: $? = 1
configure: failed program was:
| /* confdefs.h */
| #define PACKAGE_NAME "GNU Awk"
| #define PACKAGE_TARNAME "gawk"
| #define PACKAGE_VERSION "3.1.8"
| #define PACKAGE_STRING "GNU Awk 3.1.8"
| #define PACKAGE_BUGREPORT "bug-gawk@gnu.org"
| #define PACKAGE_URL "http://www.gnu.org/software/gawk/"
| #define PACKAGE "gawk"
| #define VERSION "3.1.8"
| #define NO_LINT 1
| #define STDC_HEADERS 1
| #define HAVE_SYS_TYPES_H 1
| #define HAVE_SYS_STAT_H 1
| #define HAVE_STDLIB_H 1
| #define HAVE_STRING_H 1
| #define HAVE_MEMORY_H 1
| #define HAVE_STRINGS_H 1
| #define HAVE_INTTYPES_H 1
| #define HAVE_STDINT_H 1
| #define HAVE_UNISTD_H 1
| #define __EXTENSIONS__ 1
| #define _ALL_SOURCE 1
| #define _GNU_SOURCE 1
| #define _POSIX_PTHREAD_SEMANTICS 1
| #define _TANDEM_SOURCE 1
| #define PROTOTYPES 1
| #define __PROTOTYPES 1
| #define HAVE_STRING_H 1
| #define HAVE_LANGINFO_CODESET 1
| #define HAVE_LC_MESSAGES 1
| #define STDC_HEADERS 1
| #define HAVE_SYS_WAIT_H 1
| #define TIME_WITH_SYS_TIME 1
| #define HAVE_ARPA_INET_H 1
| #define HAVE_FCNTL_H 1
| #define HAVE_LIMITS_H 1
| #define HAVE_LOCALE_H 1
| #define HAVE_LIBINTL_H 1
| #define HAVE_MCHECK_H 1
| #define HAVE_NETDB_H 1
| #define HAVE_NETINET_IN_H 1
| #define HAVE_STDARG_H 1
| #define HAVE_STDDEF_H 1
| #define HAVE_STRING_H 1
| #define HAVE_SYS_PARAM_H 1
| #define HAVE_SYS_SOCKET_H 1
| #define HAVE_SYS_TIME_H 1
| #define HAVE_UNISTD_H 1
| #define HAVE_TERMIOS_H 1
| #define HAVE_STROPTS_H 1
| #define HAVE_WCHAR_H 1
| #define HAVE_WCTYPE_H 1
| #define HAVE_MEMORY_H 1
| #define RETSIGTYPE void
| #define GETGROUPS_T gid_t
| #define HAVE_LONG_LONG_INT 1
| #define HAVE_LONG_LONG 1
| #define HAVE_UNSIGNED_LONG_LONG_INT 1
| #define HAVE_UNSIGNED_LONG_LONG 1
| #define HAVE_INTTYPES_H_WITH_UINTMAX 1
| #define HAVE_STDINT_H_WITH_UINTMAX 1
| #define HAVE_INTMAX_T 1
| #define HAVE_UINTMAX_T 1
| #define SIZEOF_UNSIGNED_INT 4
| #define SIZEOF_UNSIGNED_LONG 4
| #define SPRINTF_RET int
| #define TIME_T_IN_SYS_TYPES_H 1
| #define HAVE_WCTYPE_T 1
| #define HAVE_WINT_T 1
| #define HAVE_SOCKADDR_STORAGE 1
| #define HAVE_VPRINTF 1
| #define HAVE_SYS_TIME_H 1
| #define HAVE_UNISTD_H 1
| #define HAVE_ALARM 1
| #define HAVE_MKTIME 1
| #define HAVE_GETADDRINFO 1
| #define HAVE_LIBM 1
| #define HAVE_LIBM 1
| #define HAVE_ATEXIT 1
| #define HAVE_BTOWC 1
| #define HAVE_FMOD 1
| #define HAVE_GETGRENT 1
| #define HAVE_GETGROUPS 1
| #define HAVE_GRANTPT 1
| #define HAVE_ISASCII 1
| #define HAVE_ISWCTYPE 1
| #define HAVE_ISWLOWER 1
| #define HAVE_ISWUPPER 1
| #define HAVE_MBRLEN 1
| #define HAVE_MEMCMP 1
| #define HAVE_MEMCPY 1
| #define HAVE_MEMMOVE 1
| #define HAVE_MEMSET 1
| #define HAVE_MKSTEMP 1
| #define HAVE_SETLOCALE 1
| #define HAVE_SNPRINTF 1
| #define HAVE_STRCHR 1
| #define HAVE_STRERROR 1
| #define HAVE_STRFTIME 1
| #define HAVE_STRNCASECMP 1
| #define HAVE_STRTOD 1
| #define HAVE_STRTOUL 1
| #define HAVE_SYSTEM 1
| #define HAVE_TMPFILE 1
| #define HAVE_TOWLOWER 1
| #define HAVE_TOWUPPER 1
| #define HAVE_TZSET 1
| #define HAVE_USLEEP 1
| #define HAVE_WCRTOMB 1
| #define HAVE_WCSCOLL 1
| #define HAVE_WCSCOLL 1
| #define HAVE_WCTYPE 1
| #define HAVE_MBRTOWC 1
| #define DYNAMIC 1
| /* end confdefs.h.  */
| #include <stdio.h>
| #ifdef HAVE_SYS_TYPES_H
| # include <sys/types.h>
| #endif
| #ifdef HAVE_SYS_STAT_H
| # include <sys/stat.h>
| #endif
| #ifdef STDC_HEADERS
| # include <stdlib.h>
| # include <stddef.h>
| #else
| # ifdef HAVE_STDLIB_H
| #  include <stdlib.h>
| # endif
| #endif
| #ifdef HAVE_STRING_H
| # if !defined STDC_HEADERS && defined HAVE_MEMORY_H
| #  include <memory.h>
| # endif
| # include <string.h>
| #endif
| #ifdef HAVE_STRINGS_H
| # include <strings.h>
| #endif
| #ifdef HAVE_INTTYPES_H
| # include <inttypes.h>
| #endif
| #ifdef HAVE_STDINT_H
| # include <stdint.h>
| #endif
| #ifdef HAVE_UNISTD_H
| # include <unistd.h>
| #endif
| int
| main ()
| {
| getpgrp (0);
|   ;
|   return 0;
| }
configure:9951: result: yes
configure:9962: checking for printf %F format
configure:9985: gcc -o conftest -m32 -march=i686 -Os -fomit-frame-pointer   -export-dynamic conftest.c -ldl -lm -lm  >&5
configure:9985: $? = 0
configure:9985: ./conftest
configure:9985: $? = 0
configure:9999: result: yes
configure:10027: checking for gethostbyname
configure:10027: gcc -o conftest -m32 -march=i686 -Os -fomit-frame-pointer   -export-dynamic conftest.c -ldl -lm -lm  >&5
configure:10027: $? = 0
configure:10027: result: yes
configure:10082: checking for connect
configure:10082: gcc -o conftest -m32 -march=i686 -Os -fomit-frame-pointer   -export-dynamic conftest.c -ldl -lm -lm  >&5
configure:10082: $? = 0
configure:10082: result: yes
configure:10136: checking where to find the socket library calls
configure:10142: result: the standard library
configure:10151: checking for struct stat.st_blksize
configure:10151: gcc -c -m32 -march=i686 -Os -fomit-frame-pointer  conftest.c >&5
configure:10151: $? = 0
configure:10151: result: yes
configure:10164: checking whether time.h and sys/time.h may both be included
configure:10191: result: yes
configure:10199: checking whether struct tm is in sys/time.h or time.h
configure:10219: gcc -c -m32 -march=i686 -Os -fomit-frame-pointer  conftest.c >&5
configure:10219: $? = 0
configure:10226: result: time.h
configure:10234: checking for struct tm.tm_zone
configure:10234: gcc -c -m32 -march=i686 -Os -fomit-frame-pointer  conftest.c >&5
configure:10234: $? = 0
configure:10234: result: yes
configure:10302: checking whether char is unsigned
configure:10320: gcc -c -m32 -march=i686 -Os -fomit-frame-pointer  conftest.c >&5
configure:10320: $? = 0
configure:10327: result: no
configure:10334: checking for an ANSI C-conforming const
configure:10399: gcc -c -m32 -march=i686 -Os -fomit-frame-pointer  conftest.c >&5
configure:10399: $? = 0
configure:10406: result: yes
configure:10414: checking for C/C++ restrict keyword
configure:10439: gcc -c -m32 -march=i686 -Os -fomit-frame-pointer  conftest.c >&5
configure:10439: $? = 0
configure:10447: result: __restrict
configure:10460: checking for inline
configure:10476: gcc -c -m32 -march=i686 -Os -fomit-frame-pointer  conftest.c >&5
configure:10476: $? = 0
configure:10484: result: inline
configure:10502: checking for preprocessor stringizing operator
configure:10522: result: yes
configure:10659: creating ./config.status

## ---------------------- ##
## Running config.status. ##
## ---------------------- ##

This file was extended by GNU Awk config.status 3.1.8, which was
generated by GNU Autoconf 2.65.  Invocation command line was

  CONFIG_FILES    = 
  CONFIG_HEADERS  = 
  CONFIG_LINKS    = 
  CONFIG_COMMANDS = 
  $ ./config.status 

on bastion.gitbrew.org

config.status:1004: creating Makefile
config.status:1004: creating awklib/Makefile
config.status:1004: creating doc/Makefile
config.status:1004: creating po/Makefile.in
config.status:1004: creating test/Makefile
config.status:1004: creating config.h
config.status:1176: config.h is unchanged
config.status:1224: executing depfiles commands
config.status:1224: executing po-directories commands

## ---------------- ##
## Cache variables. ##
## ---------------- ##

ac_cv_build=x86_64-unknown-linux-gnu
ac_cv_c_char_unsigned=no
ac_cv_c_compiler_gnu=yes
ac_cv_c_const=yes
ac_cv_c_inline=inline
ac_cv_c_restrict=__restrict
ac_cv_c_stringize=yes
ac_cv_env_CC_set=set
ac_cv_env_CC_value=gcc
ac_cv_env_CFLAGS_set=set
ac_cv_env_CFLAGS_value='-m32 -march=i686 -Os -fomit-frame-pointer'
ac_cv_env_CPPFLAGS_set=
ac_cv_env_CPPFLAGS_value=
ac_cv_env_CPP_set=
ac_cv_env_CPP_value=
ac_cv_env_LDFLAGS_set=
ac_cv_env_LDFLAGS_value=
ac_cv_env_LIBS_set=
ac_cv_env_LIBS_value=
ac_cv_env_YACC_set=
ac_cv_env_YACC_value=
ac_cv_env_YFLAGS_set=
ac_cv_env_YFLAGS_value=
ac_cv_env_build_alias_set=
ac_cv_env_build_alias_value=
ac_cv_env_host_alias_set=set
ac_cv_env_host_alias_value=i686-pc-linux-gnu
ac_cv_env_target_alias_set=
ac_cv_env_target_alias_value=
ac_cv_func__doprnt=no
ac_cv_func_alarm=yes
ac_cv_func_atexit=yes
ac_cv_func_btowc=yes
ac_cv_func_connect=yes
ac_cv_func_fmod=yes
ac_cv_func_getaddrinfo=yes
ac_cv_func_getgrent=yes
ac_cv_func_getgroups=yes
ac_cv_func_gethostbyname=yes
ac_cv_func_getpgrp_void=yes
ac_cv_func_grantpt=yes
ac_cv_func_isascii=yes
ac_cv_func_iswctype=yes
ac_cv_func_iswlower=yes
ac_cv_func_iswupper=yes
ac_cv_func_mbrlen=yes
ac_cv_func_mbrtowc=yes
ac_cv_func_memcmp=yes
ac_cv_func_memcpy=yes
ac_cv_func_memcpy_ulong=no
ac_cv_func_memmove=yes
ac_cv_func_memset=yes
ac_cv_func_memset_ulong=no
ac_cv_func_mkstemp=yes
ac_cv_func_setlocale=yes
ac_cv_func_snprintf=yes
ac_cv_func_strchr=yes
ac_cv_func_strerror=yes
ac_cv_func_strftime=yes
ac_cv_func_strncasecmp=yes
ac_cv_func_strtod=yes
ac_cv_func_strtoul=yes
ac_cv_func_system=yes
ac_cv_func_tmpfile=yes
ac_cv_func_towlower=yes
ac_cv_func_towupper=yes
ac_cv_func_tzset=yes
ac_cv_func_usleep=yes
ac_cv_func_vprintf=yes
ac_cv_func_wcrtomb=yes
ac_cv_func_wcscoll=yes
ac_cv_func_wctype=yes
ac_cv_func_working_mktime=yes
ac_cv_header_arpa_inet_h=yes
ac_cv_header_dlfcn_h=yes
ac_cv_header_fcntl_h=yes
ac_cv_header_inttypes_h=yes
ac_cv_header_libintl_h=yes
ac_cv_header_limits_h=yes
ac_cv_header_locale_h=yes
ac_cv_header_mcheck_h=yes
ac_cv_header_memory_h=yes
ac_cv_header_minix_config_h=no
ac_cv_header_netdb_h=yes
ac_cv_header_netinet_in_h=yes
ac_cv_header_stdarg_h=yes
ac_cv_header_stdc=yes
ac_cv_header_stddef_h=yes
ac_cv_header_stdint_h=yes
ac_cv_header_stdlib_h=yes
ac_cv_header_string_h=yes
ac_cv_header_strings_h=yes
ac_cv_header_stropts_h=yes
ac_cv_header_sys_param_h=yes
ac_cv_header_sys_socket_h=yes
ac_cv_header_sys_stat_h=yes
ac_cv_header_sys_time_h=yes
ac_cv_header_sys_types_h=yes
ac_cv_header_sys_wait_h=yes
ac_cv_header_termios_h=yes
ac_cv_header_time=yes
ac_cv_header_unistd_h=yes
ac_cv_header_wchar_h=yes
ac_cv_header_wctype_h=yes
ac_cv_host=i686-pc-linux-gnu
ac_cv_lib_cposix_strerror=no
ac_cv_lib_m_fmod=yes
ac_cv_lib_m_isinf=yes
ac_cv_lib_m_ismod=no
ac_cv_libsigsegv=no
ac_cv_member_struct_stat_st_blksize=yes
ac_cv_member_struct_tm_tm_zone=yes
ac_cv_objext=o
ac_cv_path_EGREP='/bin/grep -E'
ac_cv_path_GMSGFMT=/usr/bin/msgfmt
ac_cv_path_GREP=/bin/grep
ac_cv_path_MSGFMT=/usr/bin/msgfmt
ac_cv_path_MSGMERGE=/usr/bin/msgmerge
ac_cv_path_XGETTEXT=/usr/bin/xgettext
ac_cv_path_mkdir=/bin/mkdir
ac_cv_prog_AWK=gawk
ac_cv_prog_CC=gcc
ac_cv_prog_CPP='gcc -E'
ac_cv_prog_YACC='bison -y'
ac_cv_prog_ac_ct_STRIP=strip
ac_cv_prog_cc_c89=
ac_cv_prog_cc_g=yes
ac_cv_prog_make_make_set=yes
ac_cv_safe_to_define___extensions__=yes
ac_cv_search_dlopen=-ldl
ac_cv_sizeof_unsigned_int=4
ac_cv_sizeof_unsigned_long=4
ac_cv_struct_tm=time.h
ac_cv_type_getgroups=gid_t
ac_cv_type_long_long=yes
ac_cv_type_long_long_int=yes
ac_cv_type_pid_t=yes
ac_cv_type_signal=void
ac_cv_type_size_t=yes
ac_cv_type_socklen_t=yes
ac_cv_type_ssize_t=yes
ac_cv_type_uid_t=yes
ac_cv_type_unsigned_long_long=yes
ac_cv_type_unsigned_long_long_int=yes
ac_cv_zos_uss=no
acl_cv_hardcode_direct=no
acl_cv_hardcode_libdir_flag_spec='${wl}-rpath ${wl}$libdir'
acl_cv_hardcode_libdir_separator=
acl_cv_hardcode_minus_L=no
acl_cv_libext=a
acl_cv_libname_spec='lib$name'
acl_cv_library_names_spec='$libname$shrext'
acl_cv_path_LD=/usr/bin/ld
acl_cv_prog_gnu_ld=yes
acl_cv_rpath=done
acl_cv_shlibext=so
acl_cv_wl=-Wl,
am_cv_CC_dependencies_compiler_type=gcc3
am_cv_langinfo_codeset=yes
gawk_cv_aix_hack=no
gawk_cv_linux_alpha_hack=no
gl_cv_header_inttypes_h=yes
gl_cv_header_stdint_h=yes
gl_cv_lib_sigsegv=no
gt_cv_func_CFLocaleCopyCurrent=no
gt_cv_func_CFPreferencesCopyAppValue=no
gt_cv_val_LC_MESSAGES=yes

## ----------------- ##
## Output variables. ##
## ----------------- ##

ACLOCAL='${SHELL} /home/durandal/iadnah.net/tools/gawk/static_gawk/gawk-3.1.8/missing --run aclocal-1.11'
AMDEPBACKSLASH='\'
AMDEP_FALSE='#'
AMDEP_TRUE=''
AMTAR='${SHELL} /home/durandal/iadnah.net/tools/gawk/static_gawk/gawk-3.1.8/missing --run tar'
ANSI2KNR=''
AUTOCONF='${SHELL} /home/durandal/iadnah.net/tools/gawk/static_gawk/gawk-3.1.8/missing --run autoconf'
AUTOHEADER='${SHELL} /home/durandal/iadnah.net/tools/gawk/static_gawk/gawk-3.1.8/missing --run autoheader'
AUTOMAKE='${SHELL} /home/durandal/iadnah.net/tools/gawk/static_gawk/gawk-3.1.8/missing --run automake-1.11'
AWK='gawk'
CC='gcc'
CCDEPMODE='depmode=gcc3'
CFLAGS='-m32 -march=i686 -Os -fomit-frame-pointer'
CPP='gcc -E'
CPPFLAGS=''
CYGPATH_W='echo'
DEFS='-DHAVE_CONFIG_H'
DEPDIR='.deps'
ECHO_C=''
ECHO_N='-n'
ECHO_T=''
EGREP='/bin/grep -E'
EXEEXT=''
GETTEXT_MACRO_VERSION='0.17'
GMSGFMT='/usr/bin/msgfmt'
GMSGFMT_015='/usr/bin/msgfmt'
GREP='/bin/grep'
HAVE_LIBSIGSEGV='no'
INSTALL_DATA='${INSTALL} -m 644'
INSTALL_PROGRAM='${INSTALL}'
INSTALL_SCRIPT='${INSTALL}'
INSTALL_STRIP_PROGRAM='$(install_sh) -c -s'
INTLLIBS=''
INTL_MACOSX_LIBS=''
LDFLAGS=' -export-dynamic'
LIBICONV='-liconv'
LIBINTL=''
LIBOBJS=''
LIBS='-ldl -lm -lm '
LIBSIGSEGV=''
LIBSIGSEGV_PREFIX=''
LN_S='ln -s'
LTLIBICONV='-liconv'
LTLIBINTL=''
LTLIBOBJS=''
LTLIBSIGSEGV=''
MAKEINFO='${SHELL} /home/durandal/iadnah.net/tools/gawk/static_gawk/gawk-3.1.8/missing --run makeinfo'
MKDIR_P='/bin/mkdir -p'
MSGFMT='/usr/bin/msgfmt'
MSGFMT_015='/usr/bin/msgfmt'
MSGMERGE='/usr/bin/msgmerge'
OBJEXT='o'
PACKAGE='gawk'
PACKAGE_BUGREPORT='bug-gawk@gnu.org'
PACKAGE_NAME='GNU Awk'
PACKAGE_STRING='GNU Awk 3.1.8'
PACKAGE_TARNAME='gawk'
PACKAGE_URL='http://www.gnu.org/software/gawk/'
PACKAGE_VERSION='3.1.8'
PATH_SEPARATOR=':'
POSUB=''
SET_MAKE=''
SHELL='/bin/sh'
SOCKET_LIBS=''
STRIP='strip'
U=''
USE_NLS='no'
VERSION='3.1.8'
XGETTEXT='/usr/bin/xgettext'
XGETTEXT_015='/usr/bin/xgettext'
XGETTEXT_EXTRA_OPTIONS=''
YACC='bison -y'
YFLAGS=''
ac_ct_CC=''
am__EXEEXT_FALSE=''
am__EXEEXT_TRUE='#'
am__fastdepCC_FALSE='#'
am__fastdepCC_TRUE=''
am__include='include'
am__isrc=''
am__leading_dot='.'
am__quote=''
am__tar='${AMTAR} chof - "$$tardir"'
am__untar='${AMTAR} xf -'
bindir='${exec_prefix}/bin'
build='x86_64-unknown-linux-gnu'
build_alias=''
build_cpu='x86_64'
build_os='linux-gnu'
build_vendor='unknown'
datadir='${datarootdir}'
datarootdir='${prefix}/share'
docdir='${datarootdir}/doc/${PACKAGE_TARNAME}'
dvidir='${docdir}'
exec_prefix='${prefix}'
host='i686-pc-linux-gnu'
host_alias='i686-pc-linux-gnu'
host_cpu='i686'
host_os='linux-gnu'
host_vendor='pc'
htmldir='${docdir}'
includedir='${prefix}/include'
infodir='${datarootdir}/info'
install_sh='${SHELL} /home/durandal/iadnah.net/tools/gawk/static_gawk/gawk-3.1.8/install-sh'
libdir='${exec_prefix}/lib'
libexecdir='${exec_prefix}/libexec'
localedir='${datarootdir}/locale'
localstatedir='${prefix}/var'
mandir='${datarootdir}/man'
mkdir_p='/bin/mkdir -p'
oldincludedir='/usr/include'
pdfdir='${docdir}'
prefix='/usr'
program_transform_name='s&$$&.static&'
psdir='${docdir}'
sbindir='${exec_prefix}/sbin'
sharedstatedir='${prefix}/com'
sysconfdir='${prefix}/etc'
target_alias=''

## ----------- ##
## confdefs.h. ##
## ----------- ##

/* confdefs.h */
#define PACKAGE_NAME "GNU Awk"
#define PACKAGE_TARNAME "gawk"
#define PACKAGE_VERSION "3.1.8"
#define PACKAGE_STRING "GNU Awk 3.1.8"
#define PACKAGE_BUGREPORT "bug-gawk@gnu.org"
#define PACKAGE_URL "http://www.gnu.org/software/gawk/"
#define PACKAGE "gawk"
#define VERSION "3.1.8"
#define NO_LINT 1
#define STDC_HEADERS 1
#define HAVE_SYS_TYPES_H 1
#define HAVE_SYS_STAT_H 1
#define HAVE_STDLIB_H 1
#define HAVE_STRING_H 1
#define HAVE_MEMORY_H 1
#define HAVE_STRINGS_H 1
#define HAVE_INTTYPES_H 1
#define HAVE_STDINT_H 1
#define HAVE_UNISTD_H 1
#define __EXTENSIONS__ 1
#define _ALL_SOURCE 1
#define _GNU_SOURCE 1
#define _POSIX_PTHREAD_SEMANTICS 1
#define _TANDEM_SOURCE 1
#define PROTOTYPES 1
#define __PROTOTYPES 1
#define HAVE_STRING_H 1
#define HAVE_LANGINFO_CODESET 1
#define HAVE_LC_MESSAGES 1
#define STDC_HEADERS 1
#define HAVE_SYS_WAIT_H 1
#define TIME_WITH_SYS_TIME 1
#define HAVE_ARPA_INET_H 1
#define HAVE_FCNTL_H 1
#define HAVE_LIMITS_H 1
#define HAVE_LOCALE_H 1
#define HAVE_LIBINTL_H 1
#define HAVE_MCHECK_H 1
#define HAVE_NETDB_H 1
#define HAVE_NETINET_IN_H 1
#define HAVE_STDARG_H 1
#define HAVE_STDDEF_H 1
#define HAVE_STRING_H 1
#define HAVE_SYS_PARAM_H 1
#define HAVE_SYS_SOCKET_H 1
#define HAVE_SYS_TIME_H 1
#define HAVE_UNISTD_H 1
#define HAVE_TERMIOS_H 1
#define HAVE_STROPTS_H 1
#define HAVE_WCHAR_H 1
#define HAVE_WCTYPE_H 1
#define HAVE_MEMORY_H 1
#define RETSIGTYPE void
#define GETGROUPS_T gid_t
#define HAVE_LONG_LONG_INT 1
#define HAVE_LONG_LONG 1
#define HAVE_UNSIGNED_LONG_LONG_INT 1
#define HAVE_UNSIGNED_LONG_LONG 1
#define HAVE_INTTYPES_H_WITH_UINTMAX 1
#define HAVE_STDINT_H_WITH_UINTMAX 1
#define HAVE_INTMAX_T 1
#define HAVE_UINTMAX_T 1
#define SIZEOF_UNSIGNED_INT 4
#define SIZEOF_UNSIGNED_LONG 4
#define SPRINTF_RET int
#define TIME_T_IN_SYS_TYPES_H 1
#define HAVE_WCTYPE_T 1
#define HAVE_WINT_T 1
#define HAVE_SOCKADDR_STORAGE 1
#define HAVE_VPRINTF 1
#define HAVE_SYS_TIME_H 1
#define HAVE_UNISTD_H 1
#define HAVE_ALARM 1
#define HAVE_MKTIME 1
#define HAVE_GETADDRINFO 1
#define HAVE_LIBM 1
#define HAVE_LIBM 1
#define HAVE_ATEXIT 1
#define HAVE_BTOWC 1
#define HAVE_FMOD 1
#define HAVE_GETGRENT 1
#define HAVE_GETGROUPS 1
#define HAVE_GRANTPT 1
#define HAVE_ISASCII 1
#define HAVE_ISWCTYPE 1
#define HAVE_ISWLOWER 1
#define HAVE_ISWUPPER 1
#define HAVE_MBRLEN 1
#define HAVE_MEMCMP 1
#define HAVE_MEMCPY 1
#define HAVE_MEMMOVE 1
#define HAVE_MEMSET 1
#define HAVE_MKSTEMP 1
#define HAVE_SETLOCALE 1
#define HAVE_SNPRINTF 1
#define HAVE_STRCHR 1
#define HAVE_STRERROR 1
#define HAVE_STRFTIME 1
#define HAVE_STRNCASECMP 1
#define HAVE_STRTOD 1
#define HAVE_STRTOUL 1
#define HAVE_SYSTEM 1
#define HAVE_TMPFILE 1
#define HAVE_TOWLOWER 1
#define HAVE_TOWUPPER 1
#define HAVE_TZSET 1
#define HAVE_USLEEP 1
#define HAVE_WCRTOMB 1
#define HAVE_WCSCOLL 1
#define HAVE_WCSCOLL 1
#define HAVE_WCTYPE 1
#define HAVE_MBRTOWC 1
#define DYNAMIC 1
#define GETPGRP_VOID 1
#define PRINTF_HAS_F_FORMAT 1
#define HAVE_SOCKETS 1
#define HAVE_STRUCT_STAT_ST_BLKSIZE 1
#define HAVE_ST_BLKSIZE 1
#define TIME_WITH_SYS_TIME 1
#define HAVE_STRUCT_TM_TM_ZONE 1
#define HAVE_TM_ZONE 1
#define restrict __restrict
#define HAVE_STRINGIZE 1

configure: exit 0

## ---------------------- ##
## Running config.status. ##
## ---------------------- ##

This file was extended by GNU Awk config.status 3.1.8, which was
generated by GNU Autoconf 2.65.  Invocation command line was

  CONFIG_FILES    = 
  CONFIG_HEADERS  = 
  CONFIG_LINKS    = 
  CONFIG_COMMANDS = 
  $ ./config.status --file=version.c:version.in

on bastion.gitbrew.org

config.status:1004: creating version.c
